2018-03-28 10:05:39 -请求地址 : http://localhost:8089/login
2018-03-28 10:05:39 -HTTP METHOD : GET
2018-03-28 10:05:39 -CLASS_METHOD : com.bootdo.system.controller.LoginController.login
2018-03-28 10:05:39 -参数 : []
2018-03-28 10:05:39 -耗时 : 1
2018-03-28 10:05:39 -返回值 : login
2018-03-28 10:05:41 -==>  Preparing: select `user_id`,`username`,`name`,`password`,`dept_id`,`email`,`mobile`,`status`,`user_id_create`,`gmt_create`,`gmt_modified`,`sex`,`birth`,`pic_id`,`live_address`,`hobby`,`province`,`city`,`district` from sys_user WHERE username = ? order by user_id desc 
2018-03-28 10:05:41 -==> Parameters: admin(String)
2018-03-28 10:05:41 -<==      Total: 1
2018-03-28 10:05:41 -请求地址 : http://localhost:8089/login
2018-03-28 10:05:41 -HTTP METHOD : POST
2018-03-28 10:05:41 -CLASS_METHOD : com.bootdo.system.controller.LoginController.ajaxLogin
2018-03-28 10:05:41 -参数 : [admin, 111111]
2018-03-28 10:05:41 -==>  Preparing: select `user_id`,`username`,`name`,`password`,`dept_id`,`email`,`mobile`,`status`,`user_id_create`,`gmt_create`,`gmt_modified`,`sex`,`birth`,`pic_id`,`live_address`,`hobby`,`province`,`city`,`district` from sys_user WHERE username = ? order by user_id desc 
2018-03-28 10:05:41 -==> Parameters: admin(String)
2018-03-28 10:05:41 -<==      Total: 1
2018-03-28 10:05:41 -耗时 : 3
2018-03-28 10:05:41 -返回值 : {msg=操作成功, code=0}
2018-03-28 10:05:41 -==>  Preparing: insert into sys_log ( `user_id`, `username`, `operation`, `time`, `method`, `params`, `ip`, `gmt_create` ) values ( ?, ?, ?, ?, ?, ?, ?, ? ) 
2018-03-28 10:05:41 -请求地址 : http://localhost:8089/index
2018-03-28 10:05:41 -HTTP METHOD : GET
2018-03-28 10:05:41 -CLASS_METHOD : com.bootdo.system.controller.LoginController.index
2018-03-28 10:05:41 -参数 : [{}]
2018-03-28 10:05:41 -==> Parameters: 1(Long), admin(String), 登录(String), 3(Integer), com.bootdo.system.controller.LoginController.ajaxLogin()(String), null, 127.0.0.1(String), 2018-03-28 10:05:41.366(Timestamp)
2018-03-28 10:05:41 -<==    Updates: 1
2018-03-28 10:05:41 -==>  Preparing: select distinct m.menu_id , parent_id, name, url, perms,`type`,icon,order_num,gmt_create, gmt_modified from sys_menu m left join sys_role_menu rm on m.menu_id = rm.menu_id left join sys_user_role ur on rm.role_id =ur.role_id where ur.user_id = ? and m.type in(0,1) order by m.order_num 
2018-03-28 10:05:41 -==> Parameters: 1(Long)
2018-03-28 10:05:41 -<==      Total: 28
2018-03-28 10:05:41 -==>  Preparing: select `id`,`type`,`url`,`create_date` from sys_file where id = ? 
2018-03-28 10:05:41 -==> Parameters: 138(Long)
2018-03-28 10:05:41 -<==      Total: 1
2018-03-28 10:05:41 -耗时 : 46
2018-03-28 10:05:41 -返回值 : index_v1
2018-03-28 10:05:41 -==>  Preparing: insert into sys_log ( `user_id`, `username`, `operation`, `time`, `method`, `params`, `ip`, `gmt_create` ) values ( ?, ?, ?, ?, ?, ?, ?, ? ) 
2018-03-28 10:05:41 -==> Parameters: 1(Long), admin(String), 请求访问主页(String), 47(Integer), com.bootdo.system.controller.LoginController.index()(String), null, 127.0.0.1(String), 2018-03-28 10:05:41.432(Timestamp)
2018-03-28 10:05:41 -<==    Updates: 1
2018-03-28 10:05:41 -请求地址 : http://localhost:8089/main
2018-03-28 10:05:41 -HTTP METHOD : GET
2018-03-28 10:05:41 -CLASS_METHOD : com.bootdo.system.controller.LoginController.main
2018-03-28 10:05:41 -参数 : []
2018-03-28 10:05:41 -耗时 : 0
2018-03-28 10:05:41 -返回值 : main
2018-03-28 10:05:41 -请求地址 : http://localhost:8089/oa/notify/message
2018-03-28 10:05:41 -HTTP METHOD : GET
2018-03-28 10:05:41 -CLASS_METHOD : com.bootdo.oa.controller.NotifyController.message
2018-03-28 10:05:41 -参数 : []
2018-03-28 10:05:41 -==>  Preparing: select DISTINCT n.id ,`type`,`title`,`content`,`files`,r.is_read,`status`,`create_by`,`create_date`,`update_by`,`update_date`,`remarks`,`del_flag` from oa_notify_record r right JOIN oa_notify n on r.notify_id = n.id WHERE r.is_read = ? and r.user_id = ? order by is_read ASC, update_date DESC limit ?, ? 
2018-03-28 10:05:41 -==> Parameters: 0(String), 1(Long), 0(Integer), 3(Integer)
2018-03-28 10:05:41 -<==      Total: 0
2018-03-28 10:05:41 -==>  Preparing: select count(*) from oa_notify_record r right JOIN oa_notify n on r.notify_id = n.id where r.user_id =? and r.is_read = ? 
2018-03-28 10:05:41 -==> Parameters: 1(Long), 0(String)
2018-03-28 10:05:41 -<==      Total: 1
2018-03-28 10:05:41 -耗时 : 20
2018-03-28 10:05:41 -返回值 : com.bootdo.common.utils.PageUtils@4e24fc69
2018-03-28 10:05:41 -请求地址 : http://localhost:8089/main
2018-03-28 10:05:41 -HTTP METHOD : GET
2018-03-28 10:05:41 -CLASS_METHOD : com.bootdo.system.controller.LoginController.main
2018-03-28 10:05:41 -参数 : []
2018-03-28 10:05:41 -耗时 : 6
2018-03-28 10:05:41 -返回值 : main
2018-03-28 10:41:28 -请求地址 : http://localhost:8089/login;JSESSIONID=747e8fb2-1498-47b9-9926-69d447212d8b
2018-03-28 10:41:28 -HTTP METHOD : GET
2018-03-28 10:41:28 -CLASS_METHOD : com.bootdo.system.controller.LoginController.login
2018-03-28 10:41:28 -参数 : []
2018-03-28 10:41:28 -耗时 : 1
2018-03-28 10:41:28 -返回值 : login
2018-03-28 10:41:29 -请求地址 : http://localhost:8089/login;JSESSIONID=747e8fb2-1498-47b9-9926-69d447212d8b
2018-03-28 10:41:29 -HTTP METHOD : GET
2018-03-28 10:41:29 -CLASS_METHOD : com.bootdo.system.controller.LoginController.login
2018-03-28 10:41:29 -参数 : []
2018-03-28 10:41:29 -耗时 : 0
2018-03-28 10:41:29 -返回值 : login
2018-03-28 10:41:30 -==>  Preparing: select `user_id`,`username`,`name`,`password`,`dept_id`,`email`,`mobile`,`status`,`user_id_create`,`gmt_create`,`gmt_modified`,`sex`,`birth`,`pic_id`,`live_address`,`hobby`,`province`,`city`,`district` from sys_user WHERE username = ? order by user_id desc 
2018-03-28 10:41:30 -==> Parameters: admin(String)
2018-03-28 10:41:30 -<==      Total: 1
2018-03-28 10:41:30 -请求地址 : http://localhost:8089/login
2018-03-28 10:41:30 -HTTP METHOD : POST
2018-03-28 10:41:30 -CLASS_METHOD : com.bootdo.system.controller.LoginController.ajaxLogin
2018-03-28 10:41:30 -参数 : [admin, 111111]
2018-03-28 10:41:30 -==>  Preparing: select `user_id`,`username`,`name`,`password`,`dept_id`,`email`,`mobile`,`status`,`user_id_create`,`gmt_create`,`gmt_modified`,`sex`,`birth`,`pic_id`,`live_address`,`hobby`,`province`,`city`,`district` from sys_user WHERE username = ? order by user_id desc 
2018-03-28 10:41:30 -==> Parameters: admin(String)
2018-03-28 10:41:30 -<==      Total: 1
2018-03-28 10:41:30 -耗时 : 5
2018-03-28 10:41:30 -返回值 : {msg=操作成功, code=0}
2018-03-28 10:41:30 -==>  Preparing: insert into sys_log ( `user_id`, `username`, `operation`, `time`, `method`, `params`, `ip`, `gmt_create` ) values ( ?, ?, ?, ?, ?, ?, ?, ? ) 
2018-03-28 10:41:30 -==> Parameters: 1(Long), admin(String), 登录(String), 5(Integer), com.bootdo.system.controller.LoginController.ajaxLogin()(String), null, 127.0.0.1(String), 2018-03-28 10:41:30.467(Timestamp)
2018-03-28 10:41:30 -请求地址 : http://localhost:8089/index
2018-03-28 10:41:30 -HTTP METHOD : GET
2018-03-28 10:41:30 -CLASS_METHOD : com.bootdo.system.controller.LoginController.index
2018-03-28 10:41:30 -参数 : [{}]
2018-03-28 10:41:30 -<==    Updates: 1
2018-03-28 10:41:30 -==>  Preparing: select distinct m.menu_id , parent_id, name, url, perms,`type`,icon,order_num,gmt_create, gmt_modified from sys_menu m left join sys_role_menu rm on m.menu_id = rm.menu_id left join sys_user_role ur on rm.role_id =ur.role_id where ur.user_id = ? and m.type in(0,1) order by m.order_num 
2018-03-28 10:41:30 -==> Parameters: 1(Long)
2018-03-28 10:41:30 -<==      Total: 28
2018-03-28 10:41:30 -==>  Preparing: select `id`,`type`,`url`,`create_date` from sys_file where id = ? 
2018-03-28 10:41:30 -==> Parameters: 138(Long)
2018-03-28 10:41:30 -<==      Total: 1
2018-03-28 10:41:30 -耗时 : 72
2018-03-28 10:41:30 -返回值 : index_v1
2018-03-28 10:41:30 -请求地址 : http://localhost:8089/main
2018-03-28 10:41:30 -HTTP METHOD : GET
2018-03-28 10:41:30 -CLASS_METHOD : com.bootdo.system.controller.LoginController.main
2018-03-28 10:41:30 -参数 : []
2018-03-28 10:41:30 -耗时 : 0
2018-03-28 10:41:30 -返回值 : main
2018-03-28 10:41:30 -==>  Preparing: insert into sys_log ( `user_id`, `username`, `operation`, `time`, `method`, `params`, `ip`, `gmt_create` ) values ( ?, ?, ?, ?, ?, ?, ?, ? ) 
2018-03-28 10:41:30 -==> Parameters: 1(Long), admin(String), 请求访问主页(String), 73(Integer), com.bootdo.system.controller.LoginController.index()(String), null, 127.0.0.1(String), 2018-03-28 10:41:30.564(Timestamp)
2018-03-28 10:41:30 -<==    Updates: 1
2018-03-28 10:41:30 -请求地址 : http://localhost:8089/oa/notify/message
2018-03-28 10:41:30 -HTTP METHOD : GET
2018-03-28 10:41:30 -CLASS_METHOD : com.bootdo.oa.controller.NotifyController.message
2018-03-28 10:41:30 -参数 : []
2018-03-28 10:41:30 -==>  Preparing: select DISTINCT n.id ,`type`,`title`,`content`,`files`,r.is_read,`status`,`create_by`,`create_date`,`update_by`,`update_date`,`remarks`,`del_flag` from oa_notify_record r right JOIN oa_notify n on r.notify_id = n.id WHERE r.is_read = ? and r.user_id = ? order by is_read ASC, update_date DESC limit ?, ? 
2018-03-28 10:41:30 -==> Parameters: 0(String), 1(Long), 0(Integer), 3(Integer)
2018-03-28 10:41:30 -<==      Total: 0
2018-03-28 10:41:30 -==>  Preparing: select count(*) from oa_notify_record r right JOIN oa_notify n on r.notify_id = n.id where r.user_id =? and r.is_read = ? 
2018-03-28 10:41:30 -==> Parameters: 1(Long), 0(String)
2018-03-28 10:41:30 -<==      Total: 1
2018-03-28 10:41:30 -耗时 : 10
2018-03-28 10:41:30 -返回值 : com.bootdo.common.utils.PageUtils@53c95505
2018-03-28 10:41:30 -请求地址 : http://localhost:8089/main
2018-03-28 10:41:30 -HTTP METHOD : GET
2018-03-28 10:41:30 -CLASS_METHOD : com.bootdo.system.controller.LoginController.main
2018-03-28 10:41:30 -参数 : []
2018-03-28 10:41:30 -耗时 : 15
2018-03-28 10:41:30 -返回值 : main
2018-03-28 10:41:33 -==>  Preparing: select distinct m.perms from sys_menu m left join sys_role_menu rm on m.menu_id = rm.menu_id left join sys_user_role ur on rm.role_id = ur.role_id where ur.user_id = ? 
2018-03-28 10:41:33 -==> Parameters: 1(Long)
2018-03-28 10:41:33 -<==      Total: 47
2018-03-28 10:41:33 -请求地址 : http://localhost:8089/blog/bContent
2018-03-28 10:41:33 -HTTP METHOD : GET
2018-03-28 10:41:33 -CLASS_METHOD : com.bootdo.blog.controller.ContentController.bContent
2018-03-28 10:41:33 -参数 : []
2018-03-28 10:41:33 -耗时 : 0
2018-03-28 10:41:33 -返回值 : blog/bContent/bContent
2018-03-28 10:41:33 -请求地址 : http://localhost:8089/blog/bContent/list
2018-03-28 10:41:33 -HTTP METHOD : GET
2018-03-28 10:41:33 -CLASS_METHOD : com.bootdo.blog.controller.ContentController.list
2018-03-28 10:41:33 -参数 : [{limit=10, offset=0}]
2018-03-28 10:41:33 -==>  Preparing: select `cid`,`title`,`slug`,`created`,`modified`,`content`,`type`,`tags`,`categories`,`hits`,`comments_num`,`allow_comment`,`allow_ping`,`allow_feed`,`status`,`author`,`gtm_create`,`gtm_modified` from blog_content order by cid desc limit 0, 10 
2018-03-28 10:41:33 -==> Parameters: 
2018-03-28 10:41:33 -<==      Total: 10
2018-03-28 10:41:33 -==>  Preparing: select count(*) from blog_content 
2018-03-28 10:41:33 -==> Parameters: 
2018-03-28 10:41:33 -<==      Total: 1
2018-03-28 10:41:33 -耗时 : 34
2018-03-28 10:41:33 -返回值 : com.bootdo.common.utils.PageUtils@5d25b8cb
2018-03-28 11:58:23 -请求地址 : http://localhost:8089/login;JSESSIONID=71610e6a-bcef-4220-a0a7-56187528ae3a
2018-03-28 11:58:23 -HTTP METHOD : GET
2018-03-28 11:58:23 -CLASS_METHOD : com.bootdo.system.controller.LoginController.login
2018-03-28 11:58:23 -参数 : []
2018-03-28 11:58:23 -耗时 : 0
2018-03-28 11:58:23 -返回值 : login
2018-03-28 11:58:23 -请求地址 : http://localhost:8089/login;JSESSIONID=71610e6a-bcef-4220-a0a7-56187528ae3a
2018-03-28 11:58:23 -HTTP METHOD : GET
2018-03-28 11:58:23 -CLASS_METHOD : com.bootdo.system.controller.LoginController.login
2018-03-28 11:58:23 -参数 : []
2018-03-28 11:58:23 -耗时 : 0
2018-03-28 11:58:23 -返回值 : login
2018-03-28 11:58:24 -==>  Preparing: select `user_id`,`username`,`name`,`password`,`dept_id`,`email`,`mobile`,`status`,`user_id_create`,`gmt_create`,`gmt_modified`,`sex`,`birth`,`pic_id`,`live_address`,`hobby`,`province`,`city`,`district` from sys_user WHERE username = ? order by user_id desc 
2018-03-28 11:58:24 -==> Parameters: admin(String)
2018-03-28 11:58:24 -<==      Total: 1
2018-03-28 11:58:24 -请求地址 : http://localhost:8089/login
2018-03-28 11:58:24 -HTTP METHOD : POST
2018-03-28 11:58:24 -CLASS_METHOD : com.bootdo.system.controller.LoginController.ajaxLogin
2018-03-28 11:58:24 -参数 : [admin, 111111]
2018-03-28 11:58:24 -==>  Preparing: select `user_id`,`username`,`name`,`password`,`dept_id`,`email`,`mobile`,`status`,`user_id_create`,`gmt_create`,`gmt_modified`,`sex`,`birth`,`pic_id`,`live_address`,`hobby`,`province`,`city`,`district` from sys_user WHERE username = ? order by user_id desc 
2018-03-28 11:58:24 -==> Parameters: admin(String)
2018-03-28 11:58:24 -<==      Total: 1
2018-03-28 11:58:24 -耗时 : 6
2018-03-28 11:58:24 -返回值 : {msg=操作成功, code=0}
2018-03-28 11:58:24 -==>  Preparing: insert into sys_log ( `user_id`, `username`, `operation`, `time`, `method`, `params`, `ip`, `gmt_create` ) values ( ?, ?, ?, ?, ?, ?, ?, ? ) 
2018-03-28 11:58:24 -==> Parameters: 1(Long), admin(String), 登录(String), 6(Integer), com.bootdo.system.controller.LoginController.ajaxLogin()(String), null, 127.0.0.1(String), 2018-03-28 11:58:24.357(Timestamp)
2018-03-28 11:58:24 -请求地址 : http://localhost:8089/index
2018-03-28 11:58:24 -HTTP METHOD : GET
2018-03-28 11:58:24 -CLASS_METHOD : com.bootdo.system.controller.LoginController.index
2018-03-28 11:58:24 -参数 : [{}]
2018-03-28 11:58:24 -==>  Preparing: select distinct m.menu_id , parent_id, name, url, perms,`type`,icon,order_num,gmt_create, gmt_modified from sys_menu m left join sys_role_menu rm on m.menu_id = rm.menu_id left join sys_user_role ur on rm.role_id =ur.role_id where ur.user_id = ? and m.type in(0,1) order by m.order_num 
2018-03-28 11:58:24 -<==    Updates: 1
2018-03-28 11:58:24 -==> Parameters: 1(Long)
2018-03-28 11:58:24 -<==      Total: 28
2018-03-28 11:58:24 -==>  Preparing: select `id`,`type`,`url`,`create_date` from sys_file where id = ? 
2018-03-28 11:58:24 -==> Parameters: 138(Long)
2018-03-28 11:58:24 -<==      Total: 1
2018-03-28 11:58:24 -耗时 : 16
2018-03-28 11:58:24 -返回值 : index_v1
2018-03-28 11:58:24 -==>  Preparing: insert into sys_log ( `user_id`, `username`, `operation`, `time`, `method`, `params`, `ip`, `gmt_create` ) values ( ?, ?, ?, ?, ?, ?, ?, ? ) 
2018-03-28 11:58:24 -==> Parameters: 1(Long), admin(String), 请求访问主页(String), 17(Integer), com.bootdo.system.controller.LoginController.index()(String), null, 127.0.0.1(String), 2018-03-28 11:58:24.399(Timestamp)
2018-03-28 11:58:24 -<==    Updates: 1
2018-03-28 11:58:24 -请求地址 : http://localhost:8089/main
2018-03-28 11:58:24 -HTTP METHOD : GET
2018-03-28 11:58:24 -CLASS_METHOD : com.bootdo.system.controller.LoginController.main
2018-03-28 11:58:24 -参数 : []
2018-03-28 11:58:24 -耗时 : 0
2018-03-28 11:58:24 -返回值 : main
2018-03-28 11:58:24 -请求地址 : http://localhost:8089/oa/notify/message
2018-03-28 11:58:24 -HTTP METHOD : GET
2018-03-28 11:58:24 -CLASS_METHOD : com.bootdo.oa.controller.NotifyController.message
2018-03-28 11:58:24 -参数 : []
2018-03-28 11:58:24 -==>  Preparing: select DISTINCT n.id ,`type`,`title`,`content`,`files`,r.is_read,`status`,`create_by`,`create_date`,`update_by`,`update_date`,`remarks`,`del_flag` from oa_notify_record r right JOIN oa_notify n on r.notify_id = n.id WHERE r.is_read = ? and r.user_id = ? order by is_read ASC, update_date DESC limit ?, ? 
2018-03-28 11:58:24 -==> Parameters: 0(String), 1(Long), 0(Integer), 3(Integer)
2018-03-28 11:58:24 -<==      Total: 0
2018-03-28 11:58:24 -==>  Preparing: select count(*) from oa_notify_record r right JOIN oa_notify n on r.notify_id = n.id where r.user_id =? and r.is_read = ? 
2018-03-28 11:58:24 -==> Parameters: 1(Long), 0(String)
2018-03-28 11:58:24 -<==      Total: 1
2018-03-28 11:58:24 -耗时 : 4
2018-03-28 11:58:24 -返回值 : com.bootdo.common.utils.PageUtils@51358d5b
2018-03-28 11:58:24 -请求地址 : http://localhost:8089/main
2018-03-28 11:58:24 -HTTP METHOD : GET
2018-03-28 11:58:24 -CLASS_METHOD : com.bootdo.system.controller.LoginController.main
2018-03-28 11:58:24 -参数 : []
2018-03-28 11:58:24 -耗时 : 1
2018-03-28 11:58:24 -返回值 : main
2018-03-28 11:58:27 -==>  Preparing: select distinct m.perms from sys_menu m left join sys_role_menu rm on m.menu_id = rm.menu_id left join sys_user_role ur on rm.role_id = ur.role_id where ur.user_id = ? 
2018-03-28 11:58:27 -==> Parameters: 1(Long)
2018-03-28 11:58:27 -<==      Total: 47
2018-03-28 11:58:27 -请求地址 : http://localhost:8089/blog/bContent/add
2018-03-28 11:58:27 -HTTP METHOD : GET
2018-03-28 11:58:27 -CLASS_METHOD : com.bootdo.blog.controller.ContentController.add
2018-03-28 11:58:27 -参数 : []
2018-03-28 11:58:27 -耗时 : 0
2018-03-28 11:58:27 -返回值 : blog/bContent/add
2018-03-28 11:58:28 -请求地址 : http://localhost:8089/blog/bContent
2018-03-28 11:58:28 -HTTP METHOD : GET
2018-03-28 11:58:28 -CLASS_METHOD : com.bootdo.blog.controller.ContentController.bContent
2018-03-28 11:58:28 -参数 : []
2018-03-28 11:58:28 -耗时 : 0
2018-03-28 11:58:28 -返回值 : blog/bContent/bContent
2018-03-28 11:58:28 -请求地址 : http://localhost:8089/blog/bContent/list
2018-03-28 11:58:28 -HTTP METHOD : GET
2018-03-28 11:58:28 -CLASS_METHOD : com.bootdo.blog.controller.ContentController.list
2018-03-28 11:58:28 -参数 : [{limit=10, offset=0}]
2018-03-28 11:58:28 -==>  Preparing: select `cid`,`title`,`slug`,`created`,`modified`,`content`,`type`,`tags`,`categories`,`hits`,`comments_num`,`allow_comment`,`allow_ping`,`allow_feed`,`status`,`author`,`gtm_create`,`gtm_modified` from blog_content order by cid desc limit 0, 10 
2018-03-28 11:58:28 -==> Parameters: 
2018-03-28 11:58:28 -<==      Total: 10
2018-03-28 11:58:28 -==>  Preparing: select count(*) from blog_content 
2018-03-28 11:58:28 -==> Parameters: 
2018-03-28 11:58:28 -<==      Total: 1
2018-03-28 11:58:28 -耗时 : 11
2018-03-28 11:58:28 -返回值 : com.bootdo.common.utils.PageUtils@184fcd4e
2018-03-28 11:58:41 -请求地址 : http://localhost:8089/blog/bContent/list
2018-03-28 11:58:41 -HTTP METHOD : GET
2018-03-28 11:58:41 -CLASS_METHOD : com.bootdo.blog.controller.ContentController.list
2018-03-28 11:58:41 -参数 : [{limit=25, offset=0}]
2018-03-28 11:58:41 -==>  Preparing: select `cid`,`title`,`slug`,`created`,`modified`,`content`,`type`,`tags`,`categories`,`hits`,`comments_num`,`allow_comment`,`allow_ping`,`allow_feed`,`status`,`author`,`gtm_create`,`gtm_modified` from blog_content order by cid desc limit 0, 25 
2018-03-28 11:58:41 -==> Parameters: 
2018-03-28 11:58:41 -<==      Total: 13
2018-03-28 11:58:41 -==>  Preparing: select count(*) from blog_content 
2018-03-28 11:58:41 -==> Parameters: 
2018-03-28 11:58:41 -<==      Total: 1
2018-03-28 11:58:41 -耗时 : 45
2018-03-28 11:58:41 -返回值 : com.bootdo.common.utils.PageUtils@3b3e7526
2018-03-28 11:58:45 -请求地址 : http://localhost:8089/common/job
2018-03-28 11:58:45 -HTTP METHOD : GET
2018-03-28 11:58:45 -CLASS_METHOD : com.bootdo.common.controller.JobController.taskScheduleJob
2018-03-28 11:58:45 -参数 : []
2018-03-28 11:58:45 -耗时 : 0
2018-03-28 11:58:45 -返回值 : common/job/job
2018-03-28 11:58:46 -请求地址 : http://localhost:8089/common/job/list
2018-03-28 11:58:46 -HTTP METHOD : GET
2018-03-28 11:58:46 -CLASS_METHOD : com.bootdo.common.controller.JobController.list
2018-03-28 11:58:46 -参数 : [{limit=10, offset=0}]
2018-03-28 11:58:46 -==>  Preparing: select `id`,`cron_expression`,`method_name`,`is_concurrent`,`description`,`update_by`,`bean_class`,`create_date`,`job_status`,`job_group`,`update_date`,`create_by`,`spring_bean`,`job_name` from sys_task order by id desc limit ?, ? 
2018-03-28 11:58:46 -==> Parameters: 0(Integer), 10(Integer)
2018-03-28 11:58:46 -<==      Total: 1
2018-03-28 11:58:46 -==>  Preparing: select count(*) from sys_task 
2018-03-28 11:58:46 -==> Parameters: 
2018-03-28 11:58:46 -<==      Total: 1
2018-03-28 11:58:46 -耗时 : 104
2018-03-28 11:58:46 -返回值 : com.bootdo.common.utils.PageUtils@6ebae1b4
2018-03-28 11:58:47 -请求地址 : http://localhost:8089/common/generator
2018-03-28 11:58:47 -HTTP METHOD : GET
2018-03-28 11:58:47 -CLASS_METHOD : com.bootdo.common.controller.GeneratorController.generator
2018-03-28 11:58:47 -参数 : []
2018-03-28 11:58:47 -耗时 : 1
2018-03-28 11:58:47 -返回值 : common/generator/list
2018-03-28 11:58:47 -请求地址 : http://localhost:8089/common/generator/list
2018-03-28 11:58:47 -HTTP METHOD : GET
2018-03-28 11:58:47 -CLASS_METHOD : com.bootdo.common.controller.GeneratorController.list
2018-03-28 11:58:47 -参数 : []
2018-03-28 11:58:47 -==>  Preparing: select table_name tableName, engine, table_comment tableComment, create_time createTime from information_schema.tables where table_schema = (select database()) 
2018-03-28 11:58:47 -==> Parameters: 
2018-03-28 11:58:47 -<==      Total: 40
2018-03-28 11:58:47 -耗时 : 99
2018-03-28 11:58:47 -返回值 : [{engine=InnoDB, createTime=2018-03-26 14:14:43.0, tableComment=, tableName=act_evt_log}, {engine=InnoDB, createTime=2018-03-26 14:14:43.0, tableComment=, tableName=act_ge_bytearray}, {engine=InnoDB, createTime=2018-03-26 14:14:43.0, tableComment=, tableName=act_ge_property}, {engine=InnoDB, createTime=2018-03-26 14:14:43.0, tableComment=, tableName=act_hi_actinst}, {engine=InnoDB, createTime=2018-03-26 14:14:43.0, tableComment=, tableName=act_hi_attachment}, {engine=InnoDB, createTime=2018-03-26 14:14:43.0, tableComment=, tableName=act_hi_comment}, {engine=InnoDB, createTime=2018-03-26 14:14:43.0, tableComment=, tableName=act_hi_detail}, {engine=InnoDB, createTime=2018-03-26 14:14:43.0, tableComment=, tableName=act_hi_identitylink}, {engine=InnoDB, createTime=2018-03-26 14:14:43.0, tableComment=, tableName=act_hi_procinst}, {engine=InnoDB, createTime=2018-03-26 14:14:43.0, tableComment=, tableName=act_hi_taskinst}, {engine=InnoDB, createTime=2018-03-26 14:14:43.0, tableComment=, tableName=act_hi_varinst}, {engine=InnoDB, createTime=2018-03-26 14:14:43.0, tableComment=, tableName=act_id_group}, {engine=InnoDB, createTime=2018-03-26 14:14:43.0, tableComment=, tableName=act_id_info}, {engine=InnoDB, createTime=2018-03-26 14:14:43.0, tableComment=, tableName=act_id_membership}, {engine=InnoDB, createTime=2018-03-26 14:14:43.0, tableComment=, tableName=act_id_user}, {engine=InnoDB, createTime=2018-03-26 14:14:43.0, tableComment=, tableName=act_procdef_info}, {engine=InnoDB, createTime=2018-03-26 14:14:43.0, tableComment=, tableName=act_re_deployment}, {engine=InnoDB, createTime=2018-03-26 14:14:43.0, tableComment=, tableName=act_re_model}, {engine=InnoDB, createTime=2018-03-26 14:14:43.0, tableComment=, tableName=act_re_procdef}, {engine=InnoDB, createTime=2018-03-26 14:14:43.0, tableComment=, tableName=act_ru_event_subscr}, {engine=InnoDB, createTime=2018-03-26 14:14:43.0, tableComment=, tableName=act_ru_execution}, {engine=InnoDB, createTime=2018-03-26 14:14:43.0, tableComment=, tableName=act_ru_identitylink}, {engine=InnoDB, createTime=2018-03-26 14:14:43.0, tableComment=, tableName=act_ru_job}, {engine=InnoDB, createTime=2018-03-26 14:14:43.0, tableComment=, tableName=act_ru_task}, {engine=InnoDB, createTime=2018-03-26 14:14:43.0, tableComment=, tableName=act_ru_variable}, {engine=InnoDB, createTime=2018-03-26 14:14:43.0, tableComment=文章内容, tableName=blog_content}, {engine=InnoDB, createTime=2018-03-26 14:14:44.0, tableComment=通知通告, tableName=oa_notify}, {engine=InnoDB, createTime=2018-03-26 14:14:44.0, tableComment=通知通告发送记录, tableName=oa_notify_record}, {engine=InnoDB, createTime=2018-03-26 14:14:44.0, tableComment=审批流程测试表, tableName=salary}, {engine=InnoDB, createTime=2018-03-26 14:14:44.0, tableComment=部门管理, tableName=sys_dept}, {engine=InnoDB, createTime=2018-03-26 14:14:44.0, tableComment=字典表, tableName=sys_dict}, {engine=InnoDB, createTime=2018-03-26 14:14:44.0, tableComment=文件上传, tableName=sys_file}, {engine=InnoDB, createTime=2018-03-26 14:14:44.0, tableComment=系统日志, tableName=sys_log}, {engine=InnoDB, createTime=2018-03-26 14:14:44.0, tableComment=菜单管理, tableName=sys_menu}, {engine=InnoDB, createTime=2018-03-26 14:14:44.0, tableComment=角色, tableName=sys_role}, {engine=InnoDB, createTime=2018-03-26 14:14:44.0, tableComment=角色与菜单对应关系, tableName=sys_role_menu}, {engine=MyISAM, createTime=2018-03-26 14:14:50.0, tableComment=, tableName=sys_task}, {engine=InnoDB, createTime=2018-03-26 14:14:45.0, tableComment=, tableName=sys_user}, {engine=InnoDB, createTime=2018-03-26 14:14:45.0, tableComment=, tableName=sys_user_plus}, {engine=InnoDB, createTime=2018-03-26 14:14:45.0, tableComment=用户与角色对应关系, tableName=sys_user_role}]
2018-03-28 11:58:51 -请求地址 : http://localhost:8089/activiti/task/todo
2018-03-28 11:58:51 -HTTP METHOD : GET
2018-03-28 11:58:51 -CLASS_METHOD : com.bootdo.activiti.controller.TaskController.todo
2018-03-28 11:58:51 -参数 : []
2018-03-28 11:58:51 -耗时 : 1
2018-03-28 11:58:51 -返回值 : ModelAndView: reference to view with name 'act/task/todoTask'; model is null
2018-03-28 11:58:51 -请求地址 : http://localhost:8089/activiti/task/todoList
2018-03-28 11:58:51 -HTTP METHOD : GET
2018-03-28 11:58:51 -CLASS_METHOD : com.bootdo.activiti.controller.TaskController.todoList
2018-03-28 11:58:51 -参数 : []
2018-03-28 11:58:51 -耗时 : 30
2018-03-28 11:58:51 -返回值 : []
2018-03-28 11:58:51 -请求地址 : http://localhost:8089/activiti/task/gotoList
2018-03-28 11:58:51 -HTTP METHOD : GET
2018-03-28 11:58:51 -CLASS_METHOD : com.bootdo.activiti.controller.TaskController.list
2018-03-28 11:58:51 -参数 : [0, 10]
2018-03-28 11:58:51 -耗时 : 12
2018-03-28 11:58:51 -返回值 : com.bootdo.common.utils.PageUtils@47d1ca5f
2018-03-28 11:58:52 -请求地址 : http://localhost:8089/activiti/model
2018-03-28 11:58:52 -HTTP METHOD : GET
2018-03-28 11:58:52 -CLASS_METHOD : com.bootdo.activiti.controller.ModelController.model
2018-03-28 11:58:52 -参数 : []
2018-03-28 11:58:52 -耗时 : 0
2018-03-28 11:58:52 -返回值 : ModelAndView: reference to view with name 'act/model/model'; model is null
2018-03-28 11:58:52 -请求地址 : http://localhost:8089/activiti/model/list
2018-03-28 11:58:52 -HTTP METHOD : GET
2018-03-28 11:58:52 -CLASS_METHOD : com.bootdo.activiti.controller.ModelController.list
2018-03-28 11:58:52 -参数 : [0, 10]
2018-03-28 11:58:52 -耗时 : 18
2018-03-28 11:58:52 -返回值 : com.bootdo.common.utils.PageUtils@690dae75
2018-03-28 11:58:55 -请求地址 : http://localhost:8089/activiti/process
2018-03-28 11:58:55 -HTTP METHOD : GET
2018-03-28 11:58:55 -CLASS_METHOD : com.bootdo.activiti.controller.ProcessController.process
2018-03-28 11:58:55 -参数 : []
2018-03-28 11:58:55 -耗时 : 0
2018-03-28 11:58:55 -返回值 : ModelAndView: reference to view with name 'act/process/process'; model is null
2018-03-28 11:58:55 -请求地址 : http://localhost:8089/activiti/process/list
2018-03-28 11:58:55 -HTTP METHOD : GET
2018-03-28 11:58:55 -CLASS_METHOD : com.bootdo.activiti.controller.ProcessController.list
2018-03-28 11:58:55 -参数 : [0, 10]
2018-03-28 11:58:55 -耗时 : 6
2018-03-28 11:58:55 -返回值 : com.bootdo.common.utils.PageUtils@4115381b
2018-03-28 11:59:09 -请求地址 : http://localhost:8089/common/sysFile
2018-03-28 11:59:09 -HTTP METHOD : GET
2018-03-28 11:59:09 -CLASS_METHOD : com.bootdo.common.controller.FileController.sysFile
2018-03-28 11:59:09 -参数 : [{}]
2018-03-28 11:59:09 -耗时 : 0
2018-03-28 11:59:09 -返回值 : common/file/file
2018-03-28 11:59:09 -请求地址 : http://localhost:8089/common/sysFile/list
2018-03-28 11:59:09 -HTTP METHOD : GET
2018-03-28 11:59:09 -CLASS_METHOD : com.bootdo.common.controller.FileController.list
2018-03-28 11:59:09 -参数 : [{limit=12, offset=0, type=}]
2018-03-28 11:59:09 -==>  Preparing: select `id`,`type`,`url`,`create_date` from sys_file order by id desc limit ?, ? 
2018-03-28 11:59:09 -==> Parameters: 0(Integer), 12(Integer)
2018-03-28 11:59:09 -<==      Total: 8
2018-03-28 11:59:09 -==>  Preparing: select count(*) from sys_file 
2018-03-28 11:59:09 -==> Parameters: 
2018-03-28 11:59:09 -<==      Total: 1
2018-03-28 11:59:09 -耗时 : 15
2018-03-28 11:59:09 -返回值 : com.bootdo.common.utils.PageUtils@6304234f
2018-03-28 11:59:14 -请求地址 : http://localhost:8089/common/sysFile/list
2018-03-28 11:59:14 -HTTP METHOD : GET
2018-03-28 11:59:14 -CLASS_METHOD : com.bootdo.common.controller.FileController.list
2018-03-28 11:59:14 -参数 : [{limit=12, offset=0, type=0}]
2018-03-28 11:59:14 -==>  Preparing: select `id`,`type`,`url`,`create_date` from sys_file WHERE type = ? order by id desc limit ?, ? 
2018-03-28 11:59:14 -==> Parameters: 0(String), 0(Integer), 12(Integer)
2018-03-28 11:59:14 -<==      Total: 8
2018-03-28 11:59:14 -==>  Preparing: select count(*) from sys_file WHERE type = ? 
2018-03-28 11:59:14 -==> Parameters: 0(String)
2018-03-28 11:59:14 -<==      Total: 1
2018-03-28 11:59:14 -耗时 : 21
2018-03-28 11:59:14 -返回值 : com.bootdo.common.utils.PageUtils@1052ead7
2018-03-28 11:59:14 -请求地址 : http://localhost:8089/common/sysFile/list
2018-03-28 11:59:14 -HTTP METHOD : GET
2018-03-28 11:59:14 -CLASS_METHOD : com.bootdo.common.controller.FileController.list
2018-03-28 11:59:14 -参数 : [{limit=12, offset=0, type=0}]
2018-03-28 11:59:14 -==>  Preparing: select `id`,`type`,`url`,`create_date` from sys_file WHERE type = ? order by id desc limit ?, ? 
2018-03-28 11:59:14 -==> Parameters: 0(String), 0(Integer), 12(Integer)
2018-03-28 11:59:14 -<==      Total: 8
2018-03-28 11:59:14 -==>  Preparing: select count(*) from sys_file WHERE type = ? 
2018-03-28 11:59:14 -==> Parameters: 0(String)
2018-03-28 11:59:14 -<==      Total: 1
2018-03-28 11:59:14 -耗时 : 3
2018-03-28 11:59:14 -返回值 : com.bootdo.common.utils.PageUtils@1a018b46
2018-03-28 11:59:15 -请求地址 : http://localhost:8089/common/sysFile/list
2018-03-28 11:59:15 -HTTP METHOD : GET
2018-03-28 11:59:15 -CLASS_METHOD : com.bootdo.common.controller.FileController.list
2018-03-28 11:59:15 -参数 : [{limit=12, offset=0, type=1}]
2018-03-28 11:59:15 -==>  Preparing: select `id`,`type`,`url`,`create_date` from sys_file WHERE type = ? order by id desc limit ?, ? 
2018-03-28 11:59:15 -==> Parameters: 1(String), 0(Integer), 12(Integer)
2018-03-28 11:59:15 -<==      Total: 0
2018-03-28 11:59:15 -==>  Preparing: select count(*) from sys_file WHERE type = ? 
2018-03-28 11:59:15 -==> Parameters: 1(String)
2018-03-28 11:59:15 -<==      Total: 1
2018-03-28 11:59:15 -耗时 : 3
2018-03-28 11:59:15 -返回值 : com.bootdo.common.utils.PageUtils@4edb3a61
2018-03-28 11:59:17 -请求地址 : http://localhost:8089/common/sysFile/list
2018-03-28 11:59:17 -HTTP METHOD : GET
2018-03-28 11:59:17 -CLASS_METHOD : com.bootdo.common.controller.FileController.list
2018-03-28 11:59:17 -参数 : [{limit=12, offset=0, type=2}]
2018-03-28 11:59:17 -==>  Preparing: select `id`,`type`,`url`,`create_date` from sys_file WHERE type = ? order by id desc limit ?, ? 
2018-03-28 11:59:17 -==> Parameters: 2(String), 0(Integer), 12(Integer)
2018-03-28 11:59:17 -<==      Total: 0
2018-03-28 11:59:17 -==>  Preparing: select count(*) from sys_file WHERE type = ? 
2018-03-28 11:59:17 -==> Parameters: 2(String)
2018-03-28 11:59:17 -<==      Total: 1
2018-03-28 11:59:17 -耗时 : 3
2018-03-28 11:59:17 -返回值 : com.bootdo.common.utils.PageUtils@2e784f2b
2018-03-28 11:59:17 -请求地址 : http://localhost:8089/common/sysFile/list
2018-03-28 11:59:17 -HTTP METHOD : GET
2018-03-28 11:59:17 -CLASS_METHOD : com.bootdo.common.controller.FileController.list
2018-03-28 11:59:17 -参数 : [{limit=12, offset=0, type=3}]
2018-03-28 11:59:17 -==>  Preparing: select `id`,`type`,`url`,`create_date` from sys_file WHERE type = ? order by id desc limit ?, ? 
2018-03-28 11:59:17 -==> Parameters: 3(String), 0(Integer), 12(Integer)
2018-03-28 11:59:17 -<==      Total: 0
2018-03-28 11:59:17 -==>  Preparing: select count(*) from sys_file WHERE type = ? 
2018-03-28 11:59:17 -==> Parameters: 3(String)
2018-03-28 11:59:17 -<==      Total: 1
2018-03-28 11:59:17 -耗时 : 4
2018-03-28 11:59:17 -返回值 : com.bootdo.common.utils.PageUtils@1c89d1b3
2018-03-28 11:59:18 -请求地址 : http://localhost:8089/common/sysFile/list
2018-03-28 11:59:18 -HTTP METHOD : GET
2018-03-28 11:59:18 -CLASS_METHOD : com.bootdo.common.controller.FileController.list
2018-03-28 11:59:18 -参数 : [{limit=12, offset=0, type=99}]
2018-03-28 11:59:18 -==>  Preparing: select `id`,`type`,`url`,`create_date` from sys_file WHERE type = ? order by id desc limit ?, ? 
2018-03-28 11:59:18 -==> Parameters: 99(String), 0(Integer), 12(Integer)
2018-03-28 11:59:18 -<==      Total: 0
2018-03-28 11:59:18 -==>  Preparing: select count(*) from sys_file WHERE type = ? 
2018-03-28 11:59:18 -==> Parameters: 99(String)
2018-03-28 11:59:18 -<==      Total: 1
2018-03-28 11:59:18 -耗时 : 6
2018-03-28 11:59:18 -返回值 : com.bootdo.common.utils.PageUtils@6a64e7d8
2018-03-28 11:59:19 -请求地址 : http://localhost:8089/common/dict
2018-03-28 11:59:19 -HTTP METHOD : GET
2018-03-28 11:59:19 -CLASS_METHOD : com.bootdo.common.controller.DictController.dict
2018-03-28 11:59:19 -参数 : []
2018-03-28 11:59:19 -耗时 : 1
2018-03-28 11:59:19 -返回值 : common/dict/dict
2018-03-28 11:59:20 -请求地址 : http://localhost:8089/common/dict/type
2018-03-28 11:59:20 -HTTP METHOD : GET
2018-03-28 11:59:20 -CLASS_METHOD : com.bootdo.common.controller.DictController.listType
2018-03-28 11:59:20 -参数 : []
2018-03-28 11:59:20 -==>  Preparing: select distinct `type` , description from sys_dict 
2018-03-28 11:59:20 -==> Parameters: 
2018-03-28 11:59:20 -<==      Total: 31
2018-03-28 11:59:20 -耗时 : 11
2018-03-28 11:59:20 -返回值 : [DictDO{id=null, name='null', value='null', type='del_flag', description='删除标记', sort=null, parentId=null, createBy=null, createDate=null, updateBy=null, updateDate=null, remarks='null', delFlag='null'}, DictDO{id=null, name='null', value='null', type='show_hide', description='显示/隐藏', sort=null, parentId=null, createBy=null, createDate=null, updateBy=null, updateDate=null, remarks='null', delFlag='null'}, DictDO{id=null, name='null', value='null', type='yes_no', description='是/否', sort=null, parentId=null, createBy=null, createDate=null, updateBy=null, updateDate=null, remarks='null', delFlag='null'}, DictDO{id=null, name='null', value='null', type='color', description='颜色值', sort=null, parentId=null, createBy=null, createDate=null, updateBy=null, updateDate=null, remarks='null', delFlag='null'}, DictDO{id=null, name='null', value='null', type='theme', description='主题方案', sort=null, parentId=null, createBy=null, createDate=null, updateBy=null, updateDate=null, remarks='null', delFlag='null'}, DictDO{id=null, name='null', value='null', type='sys_area_type', description='区域类型', sort=null, parentId=null, createBy=null, createDate=null, updateBy=null, updateDate=null, remarks='null', delFlag='null'}, DictDO{id=null, name='null', value='null', type='sys_office_type', description='机构类型', sort=null, parentId=null, createBy=null, createDate=null, updateBy=null, updateDate=null, remarks='null', delFlag='null'}, DictDO{id=null, name='null', value='null', type='sys_office_common', description='快捷通用部门', sort=null, parentId=null, createBy=null, createDate=null, updateBy=null, updateDate=null, remarks='null', delFlag='null'}, DictDO{id=null, name='null', value='null', type='sys_office_grade', description='机构等级', sort=null, parentId=null, createBy=null, createDate=null, updateBy=null, updateDate=null, remarks='null', delFlag='null'}, DictDO{id=null, name='null', value='null', type='sys_data_scope', description='数据范围', sort=null, parentId=null, createBy=null, createDate=null, updateBy=null, updateDate=null, remarks='null', delFlag='null'}, DictDO{id=null, name='null', value='null', type='sys_user_type', description='用户类型', sort=null, parentId=null, createBy=null, createDate=null, updateBy=null, updateDate=null, remarks='null', delFlag='null'}, DictDO{id=null, name='null', value='null', type='cms_theme', description='站点主题', sort=null, parentId=null, createBy=null, createDate=null, updateBy=null, updateDate=null, remarks='null', delFlag='null'}, DictDO{id=null, name='null', value='null', type='cms_module', description='栏目模型', sort=null, parentId=null, createBy=null, createDate=null, updateBy=null, updateDate=null, remarks='null', delFlag='null'}, DictDO{id=null, name='null', value='null', type='cms_show_modes', description='展现方式', sort=null, parentId=null, createBy=null, createDate=null, updateBy=null, updateDate=null, remarks='null', delFlag='null'}, DictDO{id=null, name='null', value='null', type='cms_del_flag', description='内容状态', sort=null, parentId=null, createBy=null, createDate=null, updateBy=null, updateDate=null, remarks='null', delFlag='null'}, DictDO{id=null, name='null', value='null', type='cms_posid', description='推荐位', sort=null, parentId=null, createBy=null, createDate=null, updateBy=null, updateDate=null, remarks='null', delFlag='null'}, DictDO{id=null, name='null', value='null', type='cms_guestbook', description='留言板分类', sort=null, parentId=null, createBy=null, createDate=null, updateBy=null, updateDate=null, remarks='null', delFlag='null'}, DictDO{id=null, name='null', value='null', type='oa_leave_type', description='请假类型', sort=null, parentId=null, createBy=null, createDate=null, updateBy=null, updateDate=null, remarks='null', delFlag='null'}, DictDO{id=null, name='null', value='null', type='sys_log_type', description='日志类型', sort=null, parentId=null, createBy=null, createDate=null, updateBy=null, updateDate=null, remarks='null', delFlag='null'}, DictDO{id=null, name='null', value='null', type='act_type', description='流程类型', sort=null, parentId=null, createBy=null, createDate=null, updateBy=null, updateDate=null, remarks='null', delFlag='null'}, DictDO{id=null, name='null', value='null', type='act_category', description='流程分类', sort=null, parentId=null, createBy=null, createDate=null, updateBy=null, updateDate=null, remarks='null', delFlag='null'}, DictDO{id=null, name='null', value='null', type='gen_category', description='代码生成分类', sort=null, parentId=null, createBy=null, createDate=null, updateBy=null, updateDate=null, remarks='null', delFlag='null'}, DictDO{id=null, name='null', value='null', type='gen_query_type', description='查询方式', sort=null, parentId=null, createBy=null, createDate=null, updateBy=null, updateDate=null, remarks='null', delFlag='null'}, DictDO{id=null, name='null', value='null', type='gen_show_type', description='字段生成方案', sort=null, parentId=null, createBy=null, createDate=null, updateBy=null, updateDate=null, remarks='null', delFlag='null'}, DictDO{id=null, name='null', value='null', type='gen_java_type', description='Java类型', sort=null, parentId=null, createBy=null, createDate=null, updateBy=null, updateDate=null, remarks='null', delFlag='null'}, DictDO{id=null, name='null', value='null', type='sex', description='性别', sort=null, parentId=null, createBy=null, createDate=null, updateBy=null, updateDate=null, remarks='null', delFlag='null'}, DictDO{id=null, name='null', value='null', type='oa_notify_type', description='通知通告类型', sort=null, parentId=null, createBy=null, createDate=null, updateBy=null, updateDate=null, remarks='null', delFlag='null'}, DictDO{id=null, name='null', value='null', type='oa_notify_status', description='通知通告状态', sort=null, parentId=null, createBy=null, createDate=null, updateBy=null, updateDate=null, remarks='null', delFlag='null'}, DictDO{id=null, name='null', value='null', type='oa_notify_read', description='通知通告状态', sort=null, parentId=null, createBy=null, createDate=null, updateBy=null, updateDate=null, remarks='null', delFlag='null'}, DictDO{id=null, name='null', value='null', type='blog_type', description='博客类型', sort=null, parentId=null, createBy=null, createDate=null, updateBy=null, updateDate=null, remarks='null', delFlag='null'}, DictDO{id=null, name='null', value='null', type='hobby', description='爱好', sort=null, parentId=null, createBy=null, createDate=null, updateBy=null, updateDate=null, remarks='null', delFlag='null'}]
2018-03-28 11:59:20 -请求地址 : http://localhost:8089/common/dict/list
2018-03-28 11:59:20 -HTTP METHOD : GET
2018-03-28 11:59:20 -CLASS_METHOD : com.bootdo.common.controller.DictController.list
2018-03-28 11:59:20 -参数 : [{limit=10, offset=0}]
2018-03-28 11:59:20 -==>  Preparing: select `id`,`name`,`value`,`type`,`description`,`sort`,`parent_id`,`create_by`,`create_date`,`update_by`,`update_date`,`remarks`,`del_flag` from sys_dict order by id desc limit ?, ? 
2018-03-28 11:59:20 -==> Parameters: 0(Integer), 10(Integer)
2018-03-28 11:59:20 -<==      Total: 10
2018-03-28 11:59:20 -==>  Preparing: select count(*) from sys_dict 
2018-03-28 11:59:20 -==> Parameters: 
2018-03-28 11:59:20 -<==      Total: 1
2018-03-28 11:59:20 -耗时 : 46
2018-03-28 11:59:20 -返回值 : com.bootdo.common.utils.PageUtils@f03320c
2018-03-28 11:59:23 -请求地址 : http://localhost:8089/sys/role
2018-03-28 11:59:23 -HTTP METHOD : GET
2018-03-28 11:59:23 -CLASS_METHOD : com.bootdo.system.controller.RoleController.role
2018-03-28 11:59:23 -参数 : []
2018-03-28 11:59:23 -耗时 : 0
2018-03-28 11:59:23 -返回值 : system/role/role
2018-03-28 11:59:23 -请求地址 : http://localhost:8089/sys/role/list
2018-03-28 11:59:23 -HTTP METHOD : GET
2018-03-28 11:59:23 -CLASS_METHOD : com.bootdo.system.controller.RoleController.list
2018-03-28 11:59:23 -参数 : []
2018-03-28 11:59:23 -==>  Preparing: select `role_id`,`role_name`,`role_sign`,`remark`,`user_id_create`,`gmt_create`,`gmt_modified` from sys_role order by role_id desc 
2018-03-28 11:59:23 -==> Parameters: 
2018-03-28 11:59:23 -<==      Total: 2
2018-03-28 11:59:23 -耗时 : 7
2018-03-28 11:59:23 -返回值 : [RoleDO{roleId=59, roleName='普通用户', roleSign='null', remark='基本用户权限', userIdCreate=null, gmtCreate=null, gmtModified=null, menuIds=null}, RoleDO{roleId=1, roleName='超级用户角色', roleSign='admin', remark='拥有最高权限', userIdCreate=2, gmtCreate=2017-08-12 00:43:52.0, gmtModified=2017-08-12 19:14:59.0, menuIds=null}]
2018-03-28 11:59:28 -请求地址 : http://localhost:8089/sys/menu/
2018-03-28 11:59:28 -HTTP METHOD : GET
2018-03-28 11:59:28 -CLASS_METHOD : com.bootdo.system.controller.MenuController.menu
2018-03-28 11:59:28 -参数 : [{}]
2018-03-28 11:59:28 -耗时 : 1
2018-03-28 11:59:28 -返回值 : system/menu/menu
2018-03-28 11:59:28 -请求地址 : http://localhost:8089/sys/menu/list
2018-03-28 11:59:28 -HTTP METHOD : GET
2018-03-28 11:59:28 -CLASS_METHOD : com.bootdo.system.controller.MenuController.list
2018-03-28 11:59:28 -参数 : [{sort=order_num}]
2018-03-28 11:59:28 -==>  Preparing: select `menu_id`,`parent_id`,`name`,`url`,`perms`,`type`,`icon`,`order_num`,`gmt_create`,`gmt_modified` from sys_menu order by order_num 
2018-03-28 11:59:28 -==> Parameters: 
2018-03-28 11:59:28 -<==      Total: 63
2018-03-28 11:59:28 -耗时 : 12
2018-03-28 11:59:28 -返回值 : [MenuDO{menuId=51, parentId=50, name='新增', url='', perms='blog:bContent:add', type=2, icon='', orderNum=null, gmtCreate=null, gmtModified=null}, MenuDO{menuId=55, parentId=7, name='编辑', url='', perms='sys:role:edit', type=2, icon='', orderNum=null, gmtCreate=null, gmtModified=null}, MenuDO{menuId=56, parentId=7, name='删除', url='', perms='sys:role:remove', type=2, icon='null', orderNum=null, gmtCreate=null, gmtModified=null}, MenuDO{menuId=58, parentId=50, name='编辑', url='', perms='blog:bContent:edit', type=2, icon='null', orderNum=null, gmtCreate=null, gmtModified=null}, MenuDO{menuId=59, parentId=50, name='删除', url='', perms='blog:bContent:remove', type=2, icon='null', orderNum=null, gmtCreate=null, gmtModified=null}, MenuDO{menuId=60, parentId=50, name='批量删除', url='', perms='blog:bContent:batchRemove', type=2, icon='null', orderNum=null, gmtCreate=null, gmtModified=null}, MenuDO{menuId=61, parentId=2, name='批量删除', url='', perms='sys:menu:batchRemove', type=2, icon='null', orderNum=null, gmtCreate=null, gmtModified=null}, MenuDO{menuId=62, parentId=7, name='批量删除', url='', perms='sys:role:batchRemove', type=2, icon='null', orderNum=null, gmtCreate=null, gmtModified=null}, MenuDO{menuId=85, parentId=84, name='通知公告', url='oa/notify', perms='oa:notify:notify', type=1, icon='fa fa-pencil-square', orderNum=null, gmtCreate=null, gmtModified=null}, MenuDO{menuId=88, parentId=85, name='删除', url='oa/notify/remove', perms='oa:notify:remove', type=2, icon='fa fa-minus', orderNum=null, gmtCreate=null, gmtModified=null}, MenuDO{menuId=89, parentId=85, name='批量删除', url='oa/notify/batchRemove', perms='oa:notify:batchRemove', type=2, icon='', orderNum=null, gmtCreate=null, gmtModified=null}, MenuDO{menuId=90, parentId=84, name='我的通知', url='oa/notify/selfNotify', perms='', type=1, icon='fa fa-envelope-square', orderNum=null, gmtCreate=null, gmtModified=null}, MenuDO{menuId=92, parentId=91, name='在线用户', url='sys/online', perms='', type=1, icon='fa fa-user', orderNum=null, gmtCreate=null, gmtModified=null}, MenuDO{menuId=94, parentId=93, name='模型管理', url='activiti/model', perms='', type=1, icon='fa fa-sort-amount-asc', orderNum=null, gmtCreate=null, gmtModified=null}, MenuDO{menuId=95, parentId=94, name='全部权限', url='', perms='activiti:model', type=2, icon='', orderNum=null, gmtCreate=null, gmtModified=null}, MenuDO{menuId=96, parentId=93, name='流程管理', url='activiti/process', perms='', type=1, icon='fa fa-flag', orderNum=null, gmtCreate=null, gmtModified=null}, MenuDO{menuId=98, parentId=97, name='百度chart', url='/chart/graph_echarts.html', perms='', type=1, icon='fa fa-area-chart', orderNum=null, gmtCreate=null, gmtModified=null}, MenuDO{menuId=99, parentId=96, name='所有权限', url='', perms='act:process', type=2, icon='', orderNum=null, gmtCreate=null, gmtModified=null}, MenuDO{menuId=101, parentId=93, name='待办任务', url='activiti/task/todo', perms='', type=1, icon='', orderNum=null, gmtCreate=null, gmtModified=null}, MenuDO{menuId=104, parentId=77, name='swagger', url='/swagger-ui.html', perms='', type=1, icon='', orderNum=null, gmtCreate=null, gmtModified=null}, MenuDO{menuId=105, parentId=1, name='弗雷', url='fdf', perms='43', type=1, icon='fa fa-battery-3', orderNum=null, gmtCreate=null, gmtModified=null}, MenuDO{menuId=1, parentId=0, name='基础管理', url='', perms='', type=0, icon='fa fa-bars', orderNum=0, gmtCreate=Wed Aug 09 22:49:47 CST 2017, gmtModified=null}, MenuDO{menuId=6, parentId=3, name='用户管理', url='sys/user/', perms='sys:user:user', type=1, icon='fa fa-user', orderNum=0, gmtCreate=Thu Aug 10 14:12:11 CST 2017, gmtModified=null}, MenuDO{menuId=12, parentId=6, name='新增', url='', perms='sys:user:add', type=2, icon='', orderNum=0, gmtCreate=Mon Aug 14 10:51:35 CST 2017, gmtModified=null}, MenuDO{menuId=13, parentId=6, name='编辑', url='', perms='sys:user:edit', type=2, icon='', orderNum=0, gmtCreate=Mon Aug 14 10:52:06 CST 2017, gmtModified=null}, MenuDO{menuId=14, parentId=6, name='删除', url='null', perms='sys:user:remove', type=2, icon='null', orderNum=0, gmtCreate=Mon Aug 14 10:52:24 CST 2017, gmtModified=null}, MenuDO{menuId=15, parentId=7, name='新增', url='', perms='sys:role:add', type=2, icon='', orderNum=0, gmtCreate=Mon Aug 14 10:56:37 CST 2017, gmtModified=null}, MenuDO{menuId=20, parentId=2, name='新增', url='', perms='sys:menu:add', type=2, icon='', orderNum=0, gmtCreate=Mon Aug 14 10:59:32 CST 2017, gmtModified=null}, MenuDO{menuId=21, parentId=2, name='编辑', url='', perms='sys:menu:edit', type=2, icon='', orderNum=0, gmtCreate=Mon Aug 14 10:59:56 CST 2017, gmtModified=null}, MenuDO{menuId=22, parentId=2, name='删除', url='', perms='sys:menu:remove', type=2, icon='', orderNum=0, gmtCreate=Mon Aug 14 11:00:26 CST 2017, gmtModified=null}, MenuDO{menuId=24, parentId=6, name='批量删除', url='', perms='sys:user:batchRemove', type=2, icon='', orderNum=0, gmtCreate=Mon Aug 14 17:27:18 CST 2017, gmtModified=null}, MenuDO{menuId=25, parentId=6, name='停用', url='null', perms='sys:user:disable', type=2, icon='null', orderNum=0, gmtCreate=Mon Aug 14 17:27:43 CST 2017, gmtModified=null}, MenuDO{menuId=26, parentId=6, name='重置密码', url='', perms='sys:user:resetPwd', type=2, icon='', orderNum=0, gmtCreate=Mon Aug 14 17:28:34 CST 2017, gmtModified=null}, MenuDO{menuId=27, parentId=91, name='系统日志', url='common/log', perms='common:log', type=1, icon='fa fa-warning', orderNum=0, gmtCreate=Mon Aug 14 22:11:53 CST 2017, gmtModified=null}, MenuDO{menuId=28, parentId=27, name='刷新', url='null', perms='sys:log:list', type=2, icon='null', orderNum=0, gmtCreate=Mon Aug 14 22:30:22 CST 2017, gmtModified=null}, MenuDO{menuId=29, parentId=27, name='删除', url='null', perms='sys:log:remove', type=2, icon='null', orderNum=0, gmtCreate=Mon Aug 14 22:30:43 CST 2017, gmtModified=null}, MenuDO{menuId=30, parentId=27, name='清空', url='null', perms='sys:log:clear', type=2, icon='null', orderNum=0, gmtCreate=Mon Aug 14 22:31:02 CST 2017, gmtModified=null}, MenuDO{menuId=68, parentId=49, name='发布文章', url='/blog/bContent/add', perms='blog:bContent:add', type=1, icon='fa fa-edit', orderNum=0, gmtCreate=null, gmtModified=null}, MenuDO{menuId=3, parentId=0, name='系统管理', url='null', perms='null', type=0, icon='fa fa-desktop', orderNum=1, gmtCreate=Wed Aug 09 23:06:55 CST 2017, gmtModified=Mon Aug 14 14:13:43 CST 2017}, MenuDO{menuId=7, parentId=3, name='角色管理', url='sys/role', perms='sys:role:role', type=1, icon='fa fa-paw', orderNum=1, gmtCreate=Thu Aug 10 14:13:19 CST 2017, gmtModified=null}, MenuDO{menuId=50, parentId=49, name='文章列表', url='blog/bContent', perms='blog:bContent:bContent', type=1, icon='fa fa-file-image-o', orderNum=1, gmtCreate=null, gmtModified=null}, MenuDO{menuId=57, parentId=91, name='运行监控', url='/druid/index.html', perms='', type=1, icon='fa fa-caret-square-o-right', orderNum=1, gmtCreate=null, gmtModified=null}, MenuDO{menuId=74, parentId=73, name='增加', url='/system/sysDept/add', perms='system:sysDept:add', type=2, icon='null', orderNum=1, gmtCreate=null, gmtModified=null}, MenuDO{menuId=78, parentId=1, name='数据字典', url='/common/dict', perms='common:dict:dict', type=1, icon='fa fa-book', orderNum=1, gmtCreate=null, gmtModified=null}, MenuDO{menuId=86, parentId=85, name='新增', url='oa/notify/add', perms='oa:notify:add', type=2, icon='fa fa-plus', orderNum=1, gmtCreate=null, gmtModified=null}, MenuDO{menuId=2, parentId=3, name='系统菜单', url='sys/menu/', perms='sys:menu:menu', type=1, icon='fa fa-th-list', orderNum=2, gmtCreate=Wed Aug 09 22:55:15 CST 2017, gmtModified=null}, MenuDO{menuId=71, parentId=1, name='文件管理', url='/common/sysFile', perms='common:sysFile:sysFile', type=1, icon='fa fa-folder-open', orderNum=2, gmtCreate=null, gmtModified=null}, MenuDO{menuId=75, parentId=73, name='刪除', url='system/sysDept/remove', perms='system:sysDept:remove', type=2, icon='null', orderNum=2, gmtCreate=null, gmtModified=null}, MenuDO{menuId=79, parentId=78, name='增加', url='/common/dict/add', perms='common:dict:add', type=2, icon='null', orderNum=2, gmtCreate=null, gmtModified=null}, MenuDO{menuId=80, parentId=78, name='编辑', url='/common/dict/edit', perms='common:dict:edit', type=2, icon='null', orderNum=2, gmtCreate=null, gmtModified=null}, MenuDO{menuId=87, parentId=85, name='编辑', url='oa/notify/edit', perms='oa:notify:edit', type=2, icon='fa fa-pencil-square-o', orderNum=2, gmtCreate=null, gmtModified=null}, MenuDO{menuId=48, parentId=77, name='代码生成', url='common/generator', perms='common:generator', type=1, icon='fa fa-code', orderNum=3, gmtCreate=null, gmtModified=null}, MenuDO{menuId=73, parentId=3, name='部门管理', url='/system/sysDept', perms='system:sysDept:sysDept', type=1, icon='fa fa-users', orderNum=3, gmtCreate=null, gmtModified=null}, MenuDO{menuId=76, parentId=73, name='编辑', url='/system/sysDept/edit', perms='system:sysDept:edit', type=2, icon='null', orderNum=3, gmtCreate=null, gmtModified=null}, MenuDO{menuId=81, parentId=78, name='删除', url='/common/dict/remove', perms='common:dict:remove', type=2, icon='', orderNum=3, gmtCreate=null, gmtModified=null}, MenuDO{menuId=72, parentId=77, name='计划任务', url='common/job', perms='common:taskScheduleJob', type=1, icon='fa fa-hourglass-1', orderNum=4, gmtCreate=null, gmtModified=null}, MenuDO{menuId=77, parentId=0, name='系统工具', url='', perms='', type=0, icon='fa fa-gear', orderNum=4, gmtCreate=null, gmtModified=null}, MenuDO{menuId=83, parentId=78, name='批量删除', url='/common/dict/batchRemove', perms='common:dict:batchRemove', type=2, icon='', orderNum=4, gmtCreate=null, gmtModified=null}, MenuDO{menuId=84, parentId=0, name='办公管理', url='', perms='', type=0, icon='fa fa-laptop', orderNum=5, gmtCreate=null, gmtModified=null}, MenuDO{menuId=91, parentId=0, name='系统监控', url='', perms='', type=0, icon='fa fa-video-camera', orderNum=5, gmtCreate=null, gmtModified=null}, MenuDO{menuId=49, parentId=0, name='博客管理', url='', perms='', type=0, icon='fa fa-rss', orderNum=6, gmtCreate=null, gmtModified=null}, MenuDO{menuId=93, parentId=0, name='工作流程', url='', perms='', type=0, icon='fa fa-print', orderNum=6, gmtCreate=null, gmtModified=null}, MenuDO{menuId=97, parentId=0, name='图表管理', url='', perms='', type=0, icon='fa fa-bar-chart', orderNum=7, gmtCreate=null, gmtModified=null}]
2018-03-28 11:59:36 -请求地址 : http://localhost:8089/sys/menu/edit/84
2018-03-28 11:59:36 -HTTP METHOD : GET
2018-03-28 11:59:36 -CLASS_METHOD : com.bootdo.system.controller.MenuController.edit
2018-03-28 11:59:36 -参数 : [{}, 84]
2018-03-28 11:59:36 -==>  Preparing: select `menu_id`,`parent_id`,`name`,`url`,`perms`,`type`,`icon`,`order_num`,`gmt_create`,`gmt_modified` from sys_menu where menu_id = ? 
2018-03-28 11:59:36 -==> Parameters: 84(Long)
2018-03-28 11:59:36 -<==      Total: 1
2018-03-28 11:59:36 -耗时 : 6
2018-03-28 11:59:36 -返回值 : system/menu/edit
2018-03-28 11:59:36 -==>  Preparing: insert into sys_log ( `user_id`, `username`, `operation`, `time`, `method`, `params`, `ip`, `gmt_create` ) values ( ?, ?, ?, ?, ?, ?, ?, ? ) 
2018-03-28 11:59:36 -==> Parameters: 1(Long), admin(String), 编辑菜单(String), 6(Integer), com.bootdo.system.controller.MenuController.edit()(String), null, 127.0.0.1(String), 2018-03-28 11:59:36.272(Timestamp)
2018-03-28 11:59:36 -<==    Updates: 1
2018-03-28 12:00:34 -请求地址 : http://localhost:8089/blog/open/post/108
2018-03-28 12:00:34 -HTTP METHOD : GET
2018-03-28 12:00:34 -CLASS_METHOD : com.bootdo.blog.controller.BlogController.post
2018-03-28 12:00:34 -参数 : [108, {}]
2018-03-28 12:00:34 -==>  Preparing: select `cid`,`title`,`slug`,`created`,`modified`,`content`,`type`,`tags`,`categories`,`hits`,`comments_num`,`allow_comment`,`allow_ping`,`allow_feed`,`status`,`author`,`gtm_create`,`gtm_modified` from blog_content where cid = ? 
2018-03-28 12:00:34 -==> Parameters: 108(Long)
2018-03-28 12:00:34 -<==      Total: 1
2018-03-28 12:00:34 -耗时 : 13
2018-03-28 12:00:34 -返回值 : blog/index/post
2018-03-28 12:00:54 -请求地址 : http://localhost:8089/blog/open/post/112
2018-03-28 12:00:54 -HTTP METHOD : GET
2018-03-28 12:00:54 -CLASS_METHOD : com.bootdo.blog.controller.BlogController.post
2018-03-28 12:00:54 -参数 : [112, {}]
2018-03-28 12:00:54 -==>  Preparing: select `cid`,`title`,`slug`,`created`,`modified`,`content`,`type`,`tags`,`categories`,`hits`,`comments_num`,`allow_comment`,`allow_ping`,`allow_feed`,`status`,`author`,`gtm_create`,`gtm_modified` from blog_content where cid = ? 
2018-03-28 12:00:54 -==> Parameters: 112(Long)
2018-03-28 12:00:54 -<==      Total: 1
2018-03-28 12:00:54 -耗时 : 6
2018-03-28 12:00:54 -返回值 : blog/index/post
2018-03-28 12:02:22 -请求地址 : http://localhost:8089/blog/open/post/109
2018-03-28 12:02:22 -HTTP METHOD : GET
2018-03-28 12:02:22 -CLASS_METHOD : com.bootdo.blog.controller.BlogController.post
2018-03-28 12:02:22 -参数 : [109, {}]
2018-03-28 12:02:22 -==>  Preparing: select `cid`,`title`,`slug`,`created`,`modified`,`content`,`type`,`tags`,`categories`,`hits`,`comments_num`,`allow_comment`,`allow_ping`,`allow_feed`,`status`,`author`,`gtm_create`,`gtm_modified` from blog_content where cid = ? 
2018-03-28 12:02:22 -==> Parameters: 109(Long)
2018-03-28 12:02:22 -<==      Total: 1
2018-03-28 12:02:22 -耗时 : 9
2018-03-28 12:02:22 -返回值 : blog/index/post
