2018-04-18 09:25:33 -Starting BootdoApplication on USER-20180111OB with PID 6692 (started by Administrator in C:\Users\Administrator\Desktop\开源项目\bootdo\bootdo)
2018-04-18 09:25:33 -Running with Spring Boot v1.5.9.RELEASE, Spring v4.3.13.RELEASE
2018-04-18 09:25:33 -The following profiles are active: dev
2018-04-18 09:25:44 -ApplicationContext registed-->org.springframework.boot.context.embedded.AnnotationConfigEmbeddedWebApplicationContext@6e6f2380: startup date [Wed Apr 18 09:25:34 CST 2018]; root of context hierarchy
2018-04-18 09:25:51 -==>  Preparing: select `id`,`cron_expression`,`method_name`,`is_concurrent`,`description`,`update_by`,`bean_class`,`create_date`,`job_status`,`job_group`,`update_date`,`create_by`,`spring_bean`,`job_name` from sys_task order by id desc 
2018-04-18 09:25:51 -==> Parameters: 
2018-04-18 09:25:51 -<==      Total: 1
2018-04-18 09:25:51 -Started BootdoApplication in 18.913 seconds (JVM running for 20.479)
2018-04-18 09:25:51 -请求地址 : http://localhost:8089/login
2018-04-18 09:25:51 -HTTP METHOD : GET
2018-04-18 09:25:51 -CLASS_METHOD : com.bootdo.system.controller.LoginController.login
2018-04-18 09:25:51 -参数 : []
2018-04-18 09:25:51 -耗时 : 2
2018-04-18 09:25:51 -返回值 : login
2018-04-18 09:25:54 -==>  Preparing: select `user_id`,`username`,`name`,`password`,`dept_id`,`email`,`mobile`,`status`,`user_id_create`,`gmt_create`,`gmt_modified`,`sex`,`birth`,`pic_id`,`live_address`,`hobby`,`province`,`city`,`district` from sys_user WHERE username = ? order by user_id desc 
2018-04-18 09:25:54 -==> Parameters: admin(String)
2018-04-18 09:25:54 -<==      Total: 1
2018-04-18 09:25:54 -请求地址 : http://localhost:8089/login
2018-04-18 09:25:54 -HTTP METHOD : POST
2018-04-18 09:25:54 -CLASS_METHOD : com.bootdo.system.controller.LoginController.ajaxLogin
2018-04-18 09:25:54 -参数 : [admin, 111111]
2018-04-18 09:25:54 -==>  Preparing: select `user_id`,`username`,`name`,`password`,`dept_id`,`email`,`mobile`,`status`,`user_id_create`,`gmt_create`,`gmt_modified`,`sex`,`birth`,`pic_id`,`live_address`,`hobby`,`province`,`city`,`district` from sys_user WHERE username = ? order by user_id desc 
2018-04-18 09:25:54 -==> Parameters: admin(String)
2018-04-18 09:25:54 -<==      Total: 1
2018-04-18 09:25:54 -耗时 : 32
2018-04-18 09:25:54 -返回值 : {msg=操作成功, code=0}
2018-04-18 09:25:54 -==>  Preparing: insert into sys_log ( `user_id`, `username`, `operation`, `time`, `method`, `params`, `ip`, `gmt_create` ) values ( ?, ?, ?, ?, ?, ?, ?, ? ) 
2018-04-18 09:25:54 -==> Parameters: 1(Long), admin(String), 登录(String), 32(Integer), com.bootdo.system.controller.LoginController.ajaxLogin()(String), null, 127.0.0.1(String), 2018-04-18 09:25:54.582(Timestamp)
2018-04-18 09:25:54 -<==    Updates: 1
2018-04-18 09:25:54 -请求地址 : http://localhost:8089/index
2018-04-18 09:25:54 -HTTP METHOD : GET
2018-04-18 09:25:54 -CLASS_METHOD : com.bootdo.system.controller.LoginController.index
2018-04-18 09:25:54 -参数 : [{}]
2018-04-18 09:25:54 -==>  Preparing: select distinct m.menu_id , parent_id, name, url, perms,`type`,icon,order_num,gmt_create, gmt_modified from sys_menu m left join sys_role_menu rm on m.menu_id = rm.menu_id left join sys_user_role ur on rm.role_id =ur.role_id where ur.user_id = ? and m.type in(0,1) order by m.order_num 
2018-04-18 09:25:54 -==> Parameters: 1(Long)
2018-04-18 09:25:54 -<==      Total: 28
2018-04-18 09:25:54 -==>  Preparing: select `id`,`type`,`url`,`create_date` from sys_file where id = ? 
2018-04-18 09:25:54 -==> Parameters: 138(Long)
2018-04-18 09:25:54 -<==      Total: 1
2018-04-18 09:25:54 -耗时 : 104
2018-04-18 09:25:54 -返回值 : index_v1
2018-04-18 09:25:54 -==>  Preparing: insert into sys_log ( `user_id`, `username`, `operation`, `time`, `method`, `params`, `ip`, `gmt_create` ) values ( ?, ?, ?, ?, ?, ?, ?, ? ) 
2018-04-18 09:25:54 -==> Parameters: 1(Long), admin(String), 请求访问主页(String), 105(Integer), com.bootdo.system.controller.LoginController.index()(String), null, 127.0.0.1(String), 2018-04-18 09:25:54.812(Timestamp)
2018-04-18 09:25:54 -<==    Updates: 1
2018-04-18 09:25:55 -请求地址 : http://localhost:8089/main
2018-04-18 09:25:55 -HTTP METHOD : GET
2018-04-18 09:25:55 -CLASS_METHOD : com.bootdo.system.controller.LoginController.main
2018-04-18 09:25:55 -参数 : []
2018-04-18 09:25:55 -耗时 : 0
2018-04-18 09:25:55 -返回值 : main
2018-04-18 09:25:55 -请求地址 : http://localhost:8089/main
2018-04-18 09:25:55 -HTTP METHOD : GET
2018-04-18 09:25:55 -CLASS_METHOD : com.bootdo.system.controller.LoginController.main
2018-04-18 09:25:55 -参数 : []
2018-04-18 09:25:55 -耗时 : 0
2018-04-18 09:25:55 -返回值 : main
2018-04-18 09:25:55 -请求地址 : http://localhost:8089/oa/notify/message
2018-04-18 09:25:55 -HTTP METHOD : GET
2018-04-18 09:25:55 -CLASS_METHOD : com.bootdo.oa.controller.NotifyController.message
2018-04-18 09:25:55 -参数 : []
2018-04-18 09:25:55 -==>  Preparing: select DISTINCT n.id ,`type`,`title`,`content`,`files`,r.is_read,`status`,`create_by`,`create_date`,`update_by`,`update_date`,`remarks`,`del_flag` from oa_notify_record r right JOIN oa_notify n on r.notify_id = n.id WHERE r.is_read = ? and r.user_id = ? order by is_read ASC, update_date DESC limit ?, ? 
2018-04-18 09:25:55 -==> Parameters: 0(String), 1(Long), 0(Integer), 3(Integer)
2018-04-18 09:25:55 -<==      Total: 0
2018-04-18 09:25:55 -==>  Preparing: select count(*) from oa_notify_record r right JOIN oa_notify n on r.notify_id = n.id where r.user_id =? and r.is_read = ? 
2018-04-18 09:25:55 -==> Parameters: 1(Long), 0(String)
2018-04-18 09:25:55 -<==      Total: 1
2018-04-18 09:25:55 -耗时 : 67
2018-04-18 09:25:55 -返回值 : com.bootdo.common.utils.PageUtils@17ed2ae0
2018-04-18 10:12:06 -请求地址 : http://localhost:8089/login;JSESSIONID=80aa32db-597e-4c5d-86d1-7a694192f594
2018-04-18 10:12:06 -HTTP METHOD : GET
2018-04-18 10:12:06 -CLASS_METHOD : com.bootdo.system.controller.LoginController.login
2018-04-18 10:12:06 -参数 : []
2018-04-18 10:12:06 -耗时 : 0
2018-04-18 10:12:06 -返回值 : login
2018-04-18 10:12:07 -请求地址 : http://localhost:8089/login;JSESSIONID=80aa32db-597e-4c5d-86d1-7a694192f594
2018-04-18 10:12:07 -HTTP METHOD : GET
2018-04-18 10:12:07 -CLASS_METHOD : com.bootdo.system.controller.LoginController.login
2018-04-18 10:12:07 -参数 : []
2018-04-18 10:12:07 -耗时 : 1
2018-04-18 10:12:07 -返回值 : login
2018-04-18 10:12:08 -==>  Preparing: select `user_id`,`username`,`name`,`password`,`dept_id`,`email`,`mobile`,`status`,`user_id_create`,`gmt_create`,`gmt_modified`,`sex`,`birth`,`pic_id`,`live_address`,`hobby`,`province`,`city`,`district` from sys_user WHERE username = ? order by user_id desc 
2018-04-18 10:12:08 -==> Parameters: admin(String)
2018-04-18 10:12:08 -<==      Total: 1
2018-04-18 10:12:08 -请求地址 : http://localhost:8089/login
2018-04-18 10:12:08 -HTTP METHOD : POST
2018-04-18 10:12:08 -CLASS_METHOD : com.bootdo.system.controller.LoginController.ajaxLogin
2018-04-18 10:12:08 -参数 : [admin, 111111]
2018-04-18 10:12:08 -==>  Preparing: select `user_id`,`username`,`name`,`password`,`dept_id`,`email`,`mobile`,`status`,`user_id_create`,`gmt_create`,`gmt_modified`,`sex`,`birth`,`pic_id`,`live_address`,`hobby`,`province`,`city`,`district` from sys_user WHERE username = ? order by user_id desc 
2018-04-18 10:12:08 -==> Parameters: admin(String)
2018-04-18 10:12:08 -<==      Total: 1
2018-04-18 10:12:08 -耗时 : 14
2018-04-18 10:12:08 -返回值 : {msg=操作成功, code=0}
2018-04-18 10:12:08 -==>  Preparing: insert into sys_log ( `user_id`, `username`, `operation`, `time`, `method`, `params`, `ip`, `gmt_create` ) values ( ?, ?, ?, ?, ?, ?, ?, ? ) 
2018-04-18 10:12:08 -==> Parameters: 1(Long), admin(String), 登录(String), 14(Integer), com.bootdo.system.controller.LoginController.ajaxLogin()(String), null, 127.0.0.1(String), 2018-04-18 10:12:08.802(Timestamp)
2018-04-18 10:12:08 -<==    Updates: 1
2018-04-18 10:12:08 -请求地址 : http://localhost:8089/index
2018-04-18 10:12:08 -HTTP METHOD : GET
2018-04-18 10:12:08 -CLASS_METHOD : com.bootdo.system.controller.LoginController.index
2018-04-18 10:12:08 -参数 : [{}]
2018-04-18 10:12:08 -==>  Preparing: select distinct m.menu_id , parent_id, name, url, perms,`type`,icon,order_num,gmt_create, gmt_modified from sys_menu m left join sys_role_menu rm on m.menu_id = rm.menu_id left join sys_user_role ur on rm.role_id =ur.role_id where ur.user_id = ? and m.type in(0,1) order by m.order_num 
2018-04-18 10:12:08 -==> Parameters: 1(Long)
2018-04-18 10:12:08 -<==      Total: 28
2018-04-18 10:12:08 -==>  Preparing: select `id`,`type`,`url`,`create_date` from sys_file where id = ? 
2018-04-18 10:12:08 -==> Parameters: 138(Long)
2018-04-18 10:12:08 -<==      Total: 1
2018-04-18 10:12:08 -耗时 : 26
2018-04-18 10:12:08 -返回值 : index_v1
2018-04-18 10:12:08 -==>  Preparing: insert into sys_log ( `user_id`, `username`, `operation`, `time`, `method`, `params`, `ip`, `gmt_create` ) values ( ?, ?, ?, ?, ?, ?, ?, ? ) 
2018-04-18 10:12:08 -==> Parameters: 1(Long), admin(String), 请求访问主页(String), 26(Integer), com.bootdo.system.controller.LoginController.index()(String), null, 127.0.0.1(String), 2018-04-18 10:12:08.846(Timestamp)
2018-04-18 10:12:08 -<==    Updates: 1
2018-04-18 10:12:08 -请求地址 : http://localhost:8089/main
2018-04-18 10:12:08 -HTTP METHOD : GET
2018-04-18 10:12:08 -CLASS_METHOD : com.bootdo.system.controller.LoginController.main
2018-04-18 10:12:08 -参数 : []
2018-04-18 10:12:08 -耗时 : 0
2018-04-18 10:12:08 -返回值 : main
2018-04-18 10:12:09 -请求地址 : http://localhost:8089/oa/notify/message
2018-04-18 10:12:09 -HTTP METHOD : GET
2018-04-18 10:12:09 -CLASS_METHOD : com.bootdo.oa.controller.NotifyController.message
2018-04-18 10:12:09 -参数 : []
2018-04-18 10:12:09 -==>  Preparing: select DISTINCT n.id ,`type`,`title`,`content`,`files`,r.is_read,`status`,`create_by`,`create_date`,`update_by`,`update_date`,`remarks`,`del_flag` from oa_notify_record r right JOIN oa_notify n on r.notify_id = n.id WHERE r.is_read = ? and r.user_id = ? order by is_read ASC, update_date DESC limit ?, ? 
2018-04-18 10:12:09 -==> Parameters: 0(String), 1(Long), 0(Integer), 3(Integer)
2018-04-18 10:12:09 -请求地址 : http://localhost:8089/main
2018-04-18 10:12:09 -HTTP METHOD : GET
2018-04-18 10:12:09 -CLASS_METHOD : com.bootdo.system.controller.LoginController.main
2018-04-18 10:12:09 -参数 : []
2018-04-18 10:12:09 -耗时 : 1
2018-04-18 10:12:09 -返回值 : main
2018-04-18 10:12:09 -<==      Total: 0
2018-04-18 10:12:09 -==>  Preparing: select count(*) from oa_notify_record r right JOIN oa_notify n on r.notify_id = n.id where r.user_id =? and r.is_read = ? 
2018-04-18 10:12:09 -==> Parameters: 1(Long), 0(String)
2018-04-18 10:12:09 -<==      Total: 1
2018-04-18 10:12:09 -耗时 : 34
2018-04-18 10:12:09 -返回值 : com.bootdo.common.utils.PageUtils@3c6e7759
2018-04-18 10:12:11 -==>  Preparing: select distinct m.perms from sys_menu m left join sys_role_menu rm on m.menu_id = rm.menu_id left join sys_user_role ur on rm.role_id = ur.role_id where ur.user_id = ? 
2018-04-18 10:12:11 -==> Parameters: 1(Long)
2018-04-18 10:12:11 -<==      Total: 47
2018-04-18 10:12:11 -请求地址 : http://localhost:8089/sys/role
2018-04-18 10:12:11 -HTTP METHOD : GET
2018-04-18 10:12:11 -CLASS_METHOD : com.bootdo.system.controller.RoleController.role
2018-04-18 10:12:11 -参数 : []
2018-04-18 10:12:11 -耗时 : 0
2018-04-18 10:12:11 -返回值 : system/role/role
2018-04-18 10:12:11 -请求地址 : http://localhost:8089/sys/role/list
2018-04-18 10:12:11 -HTTP METHOD : GET
2018-04-18 10:12:11 -CLASS_METHOD : com.bootdo.system.controller.RoleController.list
2018-04-18 10:12:11 -参数 : []
2018-04-18 10:12:11 -==>  Preparing: select `role_id`,`role_name`,`role_sign`,`remark`,`user_id_create`,`gmt_create`,`gmt_modified` from sys_role order by role_id desc 
2018-04-18 10:12:11 -==> Parameters: 
2018-04-18 10:12:11 -<==      Total: 2
2018-04-18 10:12:11 -耗时 : 32
2018-04-18 10:12:11 -返回值 : [RoleDO{roleId=59, roleName='普通用户', roleSign='null', remark='基本用户权限', userIdCreate=null, gmtCreate=null, gmtModified=null, menuIds=null}, RoleDO{roleId=1, roleName='超级用户角色', roleSign='admin', remark='拥有最高权限', userIdCreate=2, gmtCreate=2017-08-12 00:43:52.0, gmtModified=2017-08-12 19:14:59.0, menuIds=null}]
2018-04-18 10:40:46 -请求地址 : http://localhost:8089/common/generator
2018-04-18 10:40:46 -HTTP METHOD : GET
2018-04-18 10:40:46 -CLASS_METHOD : com.bootdo.common.controller.GeneratorController.generator
2018-04-18 10:40:46 -参数 : []
2018-04-18 10:40:46 -耗时 : 0
2018-04-18 10:40:46 -返回值 : common/generator/list
2018-04-18 10:40:47 -请求地址 : http://localhost:8089/common/generator/list
2018-04-18 10:40:47 -HTTP METHOD : GET
2018-04-18 10:40:47 -CLASS_METHOD : com.bootdo.common.controller.GeneratorController.list
2018-04-18 10:40:47 -参数 : []
2018-04-18 10:40:47 -==>  Preparing: select table_name tableName, engine, table_comment tableComment, create_time createTime from information_schema.tables where table_schema = (select database()) 
2018-04-18 10:40:47 -==> Parameters: 
2018-04-18 10:40:47 -<==      Total: 40
2018-04-18 10:40:47 -耗时 : 124
2018-04-18 10:40:47 -返回值 : [{engine=InnoDB, createTime=2018-03-26 14:14:43.0, tableComment=, tableName=act_evt_log}, {engine=InnoDB, createTime=2018-03-26 14:14:43.0, tableComment=, tableName=act_ge_bytearray}, {engine=InnoDB, createTime=2018-03-26 14:14:43.0, tableComment=, tableName=act_ge_property}, {engine=InnoDB, createTime=2018-03-26 14:14:43.0, tableComment=, tableName=act_hi_actinst}, {engine=InnoDB, createTime=2018-03-26 14:14:43.0, tableComment=, tableName=act_hi_attachment}, {engine=InnoDB, createTime=2018-03-26 14:14:43.0, tableComment=, tableName=act_hi_comment}, {engine=InnoDB, createTime=2018-03-26 14:14:43.0, tableComment=, tableName=act_hi_detail}, {engine=InnoDB, createTime=2018-03-26 14:14:43.0, tableComment=, tableName=act_hi_identitylink}, {engine=InnoDB, createTime=2018-03-26 14:14:43.0, tableComment=, tableName=act_hi_procinst}, {engine=InnoDB, createTime=2018-03-26 14:14:43.0, tableComment=, tableName=act_hi_taskinst}, {engine=InnoDB, createTime=2018-03-26 14:14:43.0, tableComment=, tableName=act_hi_varinst}, {engine=InnoDB, createTime=2018-03-26 14:14:43.0, tableComment=, tableName=act_id_group}, {engine=InnoDB, createTime=2018-03-26 14:14:43.0, tableComment=, tableName=act_id_info}, {engine=InnoDB, createTime=2018-03-26 14:14:43.0, tableComment=, tableName=act_id_membership}, {engine=InnoDB, createTime=2018-03-26 14:14:43.0, tableComment=, tableName=act_id_user}, {engine=InnoDB, createTime=2018-03-26 14:14:43.0, tableComment=, tableName=act_procdef_info}, {engine=InnoDB, createTime=2018-03-26 14:14:43.0, tableComment=, tableName=act_re_deployment}, {engine=InnoDB, createTime=2018-03-26 14:14:43.0, tableComment=, tableName=act_re_model}, {engine=InnoDB, createTime=2018-03-26 14:14:43.0, tableComment=, tableName=act_re_procdef}, {engine=InnoDB, createTime=2018-03-26 14:14:43.0, tableComment=, tableName=act_ru_event_subscr}, {engine=InnoDB, createTime=2018-03-26 14:14:43.0, tableComment=, tableName=act_ru_execution}, {engine=InnoDB, createTime=2018-03-26 14:14:43.0, tableComment=, tableName=act_ru_identitylink}, {engine=InnoDB, createTime=2018-03-26 14:14:43.0, tableComment=, tableName=act_ru_job}, {engine=InnoDB, createTime=2018-03-26 14:14:43.0, tableComment=, tableName=act_ru_task}, {engine=InnoDB, createTime=2018-03-26 14:14:43.0, tableComment=, tableName=act_ru_variable}, {engine=InnoDB, createTime=2018-03-26 14:14:43.0, tableComment=文章内容, tableName=blog_content}, {engine=InnoDB, createTime=2018-03-26 14:14:44.0, tableComment=通知通告, tableName=oa_notify}, {engine=InnoDB, createTime=2018-03-26 14:14:44.0, tableComment=通知通告发送记录, tableName=oa_notify_record}, {engine=InnoDB, createTime=2018-03-26 14:14:44.0, tableComment=审批流程测试表, tableName=salary}, {engine=InnoDB, createTime=2018-03-26 14:14:44.0, tableComment=部门管理, tableName=sys_dept}, {engine=InnoDB, createTime=2018-03-26 14:14:44.0, tableComment=字典表, tableName=sys_dict}, {engine=InnoDB, createTime=2018-03-26 14:14:44.0, tableComment=文件上传, tableName=sys_file}, {engine=InnoDB, createTime=2018-03-26 14:14:44.0, tableComment=系统日志, tableName=sys_log}, {engine=InnoDB, createTime=2018-03-26 14:14:44.0, tableComment=菜单管理, tableName=sys_menu}, {engine=InnoDB, createTime=2018-03-26 14:14:44.0, tableComment=角色, tableName=sys_role}, {engine=InnoDB, createTime=2018-03-26 14:14:44.0, tableComment=角色与菜单对应关系, tableName=sys_role_menu}, {engine=MyISAM, createTime=2018-03-26 14:14:50.0, tableComment=, tableName=sys_task}, {engine=InnoDB, createTime=2018-03-26 14:14:45.0, tableComment=, tableName=sys_user}, {engine=InnoDB, createTime=2018-03-26 14:14:45.0, tableComment=, tableName=sys_user_plus}, {engine=InnoDB, createTime=2018-03-26 14:14:45.0, tableComment=用户与角色对应关系, tableName=sys_user_role}]
2018-04-18 10:40:48 -==>  Preparing: select distinct m.perms from sys_menu m left join sys_role_menu rm on m.menu_id = rm.menu_id left join sys_user_role ur on rm.role_id = ur.role_id where ur.user_id = ? 
2018-04-18 10:40:48 -==> Parameters: 1(Long)
2018-04-18 10:40:48 -<==      Total: 47
2018-04-18 10:40:48 -请求地址 : http://localhost:8089/sys/user/
2018-04-18 10:40:48 -HTTP METHOD : GET
2018-04-18 10:40:48 -CLASS_METHOD : com.bootdo.system.controller.UserController.user
2018-04-18 10:40:48 -参数 : [{}]
2018-04-18 10:40:48 -耗时 : 0
2018-04-18 10:40:48 -返回值 : system/user/user
2018-04-18 10:40:48 -请求地址 : http://localhost:8089/system/sysDept/tree
2018-04-18 10:40:48 -HTTP METHOD : GET
2018-04-18 10:40:48 -CLASS_METHOD : com.bootdo.system.controller.DeptController.tree
2018-04-18 10:40:48 -参数 : []
2018-04-18 10:40:48 -==>  Preparing: select `dept_id`,`parent_id`,`name`,`order_num`,`del_flag` from sys_dept order by dept_id desc 
2018-04-18 10:40:48 -==> Parameters: 
2018-04-18 10:40:48 -<==      Total: 10
2018-04-18 10:40:48 -耗时 : 17
2018-04-18 10:40:48 -返回值 : {"checked":true,"children":[{"checked":false,"children":[{"checked":false,"children":[],"hasChildren":false,"hasParent":true,"id":"15","parentId":"13","state":{"opened":true},"text":"测试二部"},{"checked":false,"children":[],"hasChildren":false,"hasParent":true,"id":"14","parentId":"13","state":{"opened":true},"text":"测试一部"}],"hasChildren":true,"hasParent":false,"id":"13","parentId":"0","state":{"opened":true},"text":"测试部"},{"checked":false,"children":[{"checked":false,"children":[],"hasChildren":false,"hasParent":true,"id":"12","parentId":"11","state":{"opened":true},"text":"产品一部"}],"hasChildren":true,"hasParent":false,"id":"11","parentId":"0","state":{"opened":true},"text":"产品部"},{"checked":false,"children":[{"checked":false,"children":[],"hasChildren":false,"hasParent":true,"id":"10","parentId":"9","state":{"opened":true},"text":"销售一部"}],"hasChildren":true,"hasParent":false,"id":"9","parentId":"0","state":{"opened":true},"text":"销售部"},{"checked":false,"children":[{"checked":false,"children":[],"hasChildren":false,"hasParent":true,"id":"8","parentId":"6","state":{"opened":true},"text":"研发二部"},{"checked":false,"children":[],"hasChildren":false,"hasParent":true,"id":"7","parentId":"6","state":{"opened":true},"text":"研發一部"}],"hasChildren":true,"hasParent":false,"id":"6","parentId":"0","state":{"opened":true},"text":"研发部"}],"hasChildren":true,"hasParent":false,"id":"-1","parentId":"","state":{"opened":true},"text":"顶级节点"}
2018-04-18 10:40:48 -请求地址 : http://localhost:8089/sys/user/list
2018-04-18 10:40:48 -HTTP METHOD : GET
2018-04-18 10:40:48 -CLASS_METHOD : com.bootdo.system.controller.UserController.list
2018-04-18 10:40:48 -参数 : [{limit=4, offset=0, name=, deptId=}]
2018-04-18 10:40:48 -==>  Preparing: select `user_id`,`username`,`name`,`password`,`dept_id`,`email`,`mobile`,`status`,`user_id_create`,`gmt_create`,`gmt_modified`,`sex`,`birth`,`pic_id`,`live_address`,`hobby`,`province`,`city`,`district` from sys_user order by user_id desc limit ?, ? 
2018-04-18 10:40:48 -==> Parameters: 0(Integer), 4(Integer)
2018-04-18 10:40:48 -<==      Total: 4
2018-04-18 10:40:48 -==>  Preparing: select count(*) from sys_user 
2018-04-18 10:40:48 -==> Parameters: 
2018-04-18 10:40:48 -<==      Total: 1
2018-04-18 10:40:48 -耗时 : 19
2018-04-18 10:40:48 -返回值 : com.bootdo.common.utils.PageUtils@6b6b97f1
2018-04-18 10:40:53 -请求地址 : http://localhost:8089/sys/user/add
2018-04-18 10:40:53 -HTTP METHOD : GET
2018-04-18 10:40:53 -CLASS_METHOD : com.bootdo.system.controller.UserController.add
2018-04-18 10:40:53 -参数 : [{}]
2018-04-18 10:40:53 -==>  Preparing: select `role_id`,`role_name`,`role_sign`,`remark`,`user_id_create`,`gmt_create`,`gmt_modified` from sys_role order by role_id desc 
2018-04-18 10:40:53 -==> Parameters: 
2018-04-18 10:40:53 -<==      Total: 2
2018-04-18 10:40:53 -耗时 : 25
2018-04-18 10:40:53 -返回值 : system/user/add
2018-04-18 10:40:53 -==>  Preparing: insert into sys_log ( `user_id`, `username`, `operation`, `time`, `method`, `params`, `ip`, `gmt_create` ) values ( ?, ?, ?, ?, ?, ?, ?, ? ) 
2018-04-18 10:40:53 -==> Parameters: 1(Long), admin(String), 添加用户(String), 25(Integer), com.bootdo.system.controller.UserController.add()(String), null, 127.0.0.1(String), 2018-04-18 10:40:53.765(Timestamp)
2018-04-18 10:40:53 -<==    Updates: 1
2018-04-18 10:40:54 -请求地址 : http://localhost:8089/sys/user/exit
2018-04-18 10:40:54 -HTTP METHOD : POST
2018-04-18 10:40:54 -CLASS_METHOD : com.bootdo.system.controller.UserController.exit
2018-04-18 10:40:54 -参数 : [{username=admin}]
2018-04-18 10:40:54 -==>  Preparing: select `user_id`,`username`,`name`,`password`,`dept_id`,`email`,`mobile`,`status`,`user_id_create`,`gmt_create`,`gmt_modified`,`sex`,`birth`,`pic_id`,`live_address`,`hobby`,`province`,`city`,`district` from sys_user WHERE username = ? order by user_id desc 
2018-04-18 10:40:54 -==> Parameters: admin(String)
2018-04-18 10:40:54 -<==      Total: 1
2018-04-18 10:40:54 -耗时 : 5
2018-04-18 10:40:54 -返回值 : false
2018-04-18 10:40:59 -请求地址 : http://localhost:8089/sys/menu/
2018-04-18 10:40:59 -HTTP METHOD : GET
2018-04-18 10:40:59 -CLASS_METHOD : com.bootdo.system.controller.MenuController.menu
2018-04-18 10:40:59 -参数 : [{}]
2018-04-18 10:40:59 -耗时 : 1
2018-04-18 10:40:59 -返回值 : system/menu/menu
2018-04-18 10:40:59 -请求地址 : http://localhost:8089/sys/menu/list
2018-04-18 10:40:59 -HTTP METHOD : GET
2018-04-18 10:40:59 -CLASS_METHOD : com.bootdo.system.controller.MenuController.list
2018-04-18 10:40:59 -参数 : [{sort=order_num}]
2018-04-18 10:40:59 -==>  Preparing: select `menu_id`,`parent_id`,`name`,`url`,`perms`,`type`,`icon`,`order_num`,`gmt_create`,`gmt_modified` from sys_menu order by order_num 
2018-04-18 10:40:59 -==> Parameters: 
2018-04-18 10:40:59 -<==      Total: 63
2018-04-18 10:40:59 -耗时 : 34
2018-04-18 10:40:59 -返回值 : [MenuDO{menuId=51, parentId=50, name='新增', url='', perms='blog:bContent:add', type=2, icon='', orderNum=null, gmtCreate=null, gmtModified=null}, MenuDO{menuId=55, parentId=7, name='编辑', url='', perms='sys:role:edit', type=2, icon='', orderNum=null, gmtCreate=null, gmtModified=null}, MenuDO{menuId=56, parentId=7, name='删除', url='', perms='sys:role:remove', type=2, icon='null', orderNum=null, gmtCreate=null, gmtModified=null}, MenuDO{menuId=58, parentId=50, name='编辑', url='', perms='blog:bContent:edit', type=2, icon='null', orderNum=null, gmtCreate=null, gmtModified=null}, MenuDO{menuId=59, parentId=50, name='删除', url='', perms='blog:bContent:remove', type=2, icon='null', orderNum=null, gmtCreate=null, gmtModified=null}, MenuDO{menuId=60, parentId=50, name='批量删除', url='', perms='blog:bContent:batchRemove', type=2, icon='null', orderNum=null, gmtCreate=null, gmtModified=null}, MenuDO{menuId=61, parentId=2, name='批量删除', url='', perms='sys:menu:batchRemove', type=2, icon='null', orderNum=null, gmtCreate=null, gmtModified=null}, MenuDO{menuId=62, parentId=7, name='批量删除', url='', perms='sys:role:batchRemove', type=2, icon='null', orderNum=null, gmtCreate=null, gmtModified=null}, MenuDO{menuId=85, parentId=84, name='通知公告', url='oa/notify', perms='oa:notify:notify', type=1, icon='fa fa-pencil-square', orderNum=null, gmtCreate=null, gmtModified=null}, MenuDO{menuId=88, parentId=85, name='删除', url='oa/notify/remove', perms='oa:notify:remove', type=2, icon='fa fa-minus', orderNum=null, gmtCreate=null, gmtModified=null}, MenuDO{menuId=89, parentId=85, name='批量删除', url='oa/notify/batchRemove', perms='oa:notify:batchRemove', type=2, icon='', orderNum=null, gmtCreate=null, gmtModified=null}, MenuDO{menuId=90, parentId=84, name='我的通知', url='oa/notify/selfNotify', perms='', type=1, icon='fa fa-envelope-square', orderNum=null, gmtCreate=null, gmtModified=null}, MenuDO{menuId=92, parentId=91, name='在线用户', url='sys/online', perms='', type=1, icon='fa fa-user', orderNum=null, gmtCreate=null, gmtModified=null}, MenuDO{menuId=94, parentId=93, name='模型管理', url='activiti/model', perms='', type=1, icon='fa fa-sort-amount-asc', orderNum=null, gmtCreate=null, gmtModified=null}, MenuDO{menuId=95, parentId=94, name='全部权限', url='', perms='activiti:model', type=2, icon='', orderNum=null, gmtCreate=null, gmtModified=null}, MenuDO{menuId=96, parentId=93, name='流程管理', url='activiti/process', perms='', type=1, icon='fa fa-flag', orderNum=null, gmtCreate=null, gmtModified=null}, MenuDO{menuId=98, parentId=97, name='百度chart', url='/chart/graph_echarts.html', perms='', type=1, icon='fa fa-area-chart', orderNum=null, gmtCreate=null, gmtModified=null}, MenuDO{menuId=99, parentId=96, name='所有权限', url='', perms='act:process', type=2, icon='', orderNum=null, gmtCreate=null, gmtModified=null}, MenuDO{menuId=101, parentId=93, name='待办任务', url='activiti/task/todo', perms='', type=1, icon='', orderNum=null, gmtCreate=null, gmtModified=null}, MenuDO{menuId=104, parentId=77, name='swagger', url='/swagger-ui.html', perms='', type=1, icon='', orderNum=null, gmtCreate=null, gmtModified=null}, MenuDO{menuId=105, parentId=1, name='弗雷', url='fdf', perms='43', type=2, icon='fa fa-thumbs-up', orderNum=null, gmtCreate=null, gmtModified=null}, MenuDO{menuId=1, parentId=0, name='基础管理', url='', perms='', type=0, icon='fa fa-bars', orderNum=0, gmtCreate=Wed Aug 09 22:49:47 CST 2017, gmtModified=null}, MenuDO{menuId=6, parentId=3, name='用户管理', url='sys/user/', perms='sys:user:user', type=1, icon='fa fa-user', orderNum=0, gmtCreate=Thu Aug 10 14:12:11 CST 2017, gmtModified=null}, MenuDO{menuId=12, parentId=6, name='新增', url='', perms='sys:user:add', type=2, icon='', orderNum=0, gmtCreate=Mon Aug 14 10:51:35 CST 2017, gmtModified=null}, MenuDO{menuId=13, parentId=6, name='编辑', url='', perms='sys:user:edit', type=2, icon='', orderNum=0, gmtCreate=Mon Aug 14 10:52:06 CST 2017, gmtModified=null}, MenuDO{menuId=14, parentId=6, name='删除', url='null', perms='sys:user:remove', type=2, icon='null', orderNum=0, gmtCreate=Mon Aug 14 10:52:24 CST 2017, gmtModified=null}, MenuDO{menuId=15, parentId=7, name='新增', url='', perms='sys:role:add', type=2, icon='', orderNum=0, gmtCreate=Mon Aug 14 10:56:37 CST 2017, gmtModified=null}, MenuDO{menuId=20, parentId=2, name='新增', url='', perms='sys:menu:add', type=2, icon='', orderNum=0, gmtCreate=Mon Aug 14 10:59:32 CST 2017, gmtModified=null}, MenuDO{menuId=21, parentId=2, name='编辑', url='', perms='sys:menu:edit', type=2, icon='', orderNum=0, gmtCreate=Mon Aug 14 10:59:56 CST 2017, gmtModified=null}, MenuDO{menuId=22, parentId=2, name='删除', url='', perms='sys:menu:remove', type=2, icon='', orderNum=0, gmtCreate=Mon Aug 14 11:00:26 CST 2017, gmtModified=null}, MenuDO{menuId=24, parentId=6, name='批量删除', url='', perms='sys:user:batchRemove', type=2, icon='', orderNum=0, gmtCreate=Mon Aug 14 17:27:18 CST 2017, gmtModified=null}, MenuDO{menuId=25, parentId=6, name='停用', url='null', perms='sys:user:disable', type=2, icon='null', orderNum=0, gmtCreate=Mon Aug 14 17:27:43 CST 2017, gmtModified=null}, MenuDO{menuId=26, parentId=6, name='重置密码', url='', perms='sys:user:resetPwd', type=2, icon='', orderNum=0, gmtCreate=Mon Aug 14 17:28:34 CST 2017, gmtModified=null}, MenuDO{menuId=27, parentId=91, name='系统日志', url='common/log', perms='common:log', type=1, icon='fa fa-warning', orderNum=0, gmtCreate=Mon Aug 14 22:11:53 CST 2017, gmtModified=null}, MenuDO{menuId=28, parentId=27, name='刷新', url='null', perms='sys:log:list', type=2, icon='null', orderNum=0, gmtCreate=Mon Aug 14 22:30:22 CST 2017, gmtModified=null}, MenuDO{menuId=29, parentId=27, name='删除', url='null', perms='sys:log:remove', type=2, icon='null', orderNum=0, gmtCreate=Mon Aug 14 22:30:43 CST 2017, gmtModified=null}, MenuDO{menuId=30, parentId=27, name='清空', url='null', perms='sys:log:clear', type=2, icon='null', orderNum=0, gmtCreate=Mon Aug 14 22:31:02 CST 2017, gmtModified=null}, MenuDO{menuId=68, parentId=49, name='发布文章', url='/blog/bContent/add', perms='blog:bContent:add', type=1, icon='fa fa-edit', orderNum=0, gmtCreate=null, gmtModified=null}, MenuDO{menuId=3, parentId=0, name='系统管理', url='null', perms='null', type=0, icon='fa fa-desktop', orderNum=1, gmtCreate=Wed Aug 09 23:06:55 CST 2017, gmtModified=Mon Aug 14 14:13:43 CST 2017}, MenuDO{menuId=7, parentId=3, name='角色管理', url='sys/role', perms='sys:role:role', type=1, icon='fa fa-paw', orderNum=1, gmtCreate=Thu Aug 10 14:13:19 CST 2017, gmtModified=null}, MenuDO{menuId=50, parentId=49, name='文章列表', url='blog/bContent', perms='blog:bContent:bContent', type=1, icon='fa fa-file-image-o', orderNum=1, gmtCreate=null, gmtModified=null}, MenuDO{menuId=57, parentId=91, name='运行监控', url='/druid/index.html', perms='', type=1, icon='fa fa-caret-square-o-right', orderNum=1, gmtCreate=null, gmtModified=null}, MenuDO{menuId=74, parentId=73, name='增加', url='/system/sysDept/add', perms='system:sysDept:add', type=2, icon='null', orderNum=1, gmtCreate=null, gmtModified=null}, MenuDO{menuId=78, parentId=1, name='数据字典', url='/common/dict', perms='common:dict:dict', type=1, icon='fa fa-book', orderNum=1, gmtCreate=null, gmtModified=null}, MenuDO{menuId=86, parentId=85, name='新增', url='oa/notify/add', perms='oa:notify:add', type=2, icon='fa fa-plus', orderNum=1, gmtCreate=null, gmtModified=null}, MenuDO{menuId=2, parentId=3, name='系统菜单', url='sys/menu/', perms='sys:menu:menu', type=1, icon='fa fa-th-list', orderNum=2, gmtCreate=Wed Aug 09 22:55:15 CST 2017, gmtModified=null}, MenuDO{menuId=71, parentId=1, name='文件管理', url='/common/sysFile', perms='common:sysFile:sysFile', type=1, icon='fa fa-folder-open', orderNum=2, gmtCreate=null, gmtModified=null}, MenuDO{menuId=75, parentId=73, name='刪除', url='system/sysDept/remove', perms='system:sysDept:remove', type=2, icon='null', orderNum=2, gmtCreate=null, gmtModified=null}, MenuDO{menuId=79, parentId=78, name='增加', url='/common/dict/add', perms='common:dict:add', type=2, icon='null', orderNum=2, gmtCreate=null, gmtModified=null}, MenuDO{menuId=80, parentId=78, name='编辑', url='/common/dict/edit', perms='common:dict:edit', type=2, icon='null', orderNum=2, gmtCreate=null, gmtModified=null}, MenuDO{menuId=87, parentId=85, name='编辑', url='oa/notify/edit', perms='oa:notify:edit', type=2, icon='fa fa-pencil-square-o', orderNum=2, gmtCreate=null, gmtModified=null}, MenuDO{menuId=48, parentId=77, name='代码生成', url='common/generator', perms='common:generator', type=1, icon='fa fa-code', orderNum=3, gmtCreate=null, gmtModified=null}, MenuDO{menuId=73, parentId=3, name='部门管理', url='/system/sysDept', perms='system:sysDept:sysDept', type=1, icon='fa fa-users', orderNum=3, gmtCreate=null, gmtModified=null}, MenuDO{menuId=76, parentId=73, name='编辑', url='/system/sysDept/edit', perms='system:sysDept:edit', type=2, icon='null', orderNum=3, gmtCreate=null, gmtModified=null}, MenuDO{menuId=81, parentId=78, name='删除', url='/common/dict/remove', perms='common:dict:remove', type=2, icon='', orderNum=3, gmtCreate=null, gmtModified=null}, MenuDO{menuId=72, parentId=77, name='计划任务', url='common/job', perms='common:taskScheduleJob', type=1, icon='fa fa-hourglass-1', orderNum=4, gmtCreate=null, gmtModified=null}, MenuDO{menuId=77, parentId=0, name='系统工具', url='', perms='', type=0, icon='fa fa-gear', orderNum=4, gmtCreate=null, gmtModified=null}, MenuDO{menuId=83, parentId=78, name='批量删除', url='/common/dict/batchRemove', perms='common:dict:batchRemove', type=2, icon='', orderNum=4, gmtCreate=null, gmtModified=null}, MenuDO{menuId=84, parentId=0, name='办公管理', url='', perms='', type=0, icon='fa fa-laptop', orderNum=5, gmtCreate=null, gmtModified=null}, MenuDO{menuId=91, parentId=0, name='系统监控', url='', perms='', type=0, icon='fa fa-video-camera', orderNum=5, gmtCreate=null, gmtModified=null}, MenuDO{menuId=49, parentId=0, name='博客管理', url='', perms='', type=0, icon='fa fa-rss', orderNum=6, gmtCreate=null, gmtModified=null}, MenuDO{menuId=93, parentId=0, name='工作流程', url='', perms='', type=0, icon='fa fa-print', orderNum=6, gmtCreate=null, gmtModified=null}, MenuDO{menuId=97, parentId=0, name='图表管理', url='', perms='', type=0, icon='fa fa-bar-chart', orderNum=7, gmtCreate=null, gmtModified=null}]
2018-04-18 10:41:00 -请求地址 : http://localhost:8089/system/sysDept
2018-04-18 10:41:00 -HTTP METHOD : GET
2018-04-18 10:41:00 -CLASS_METHOD : com.bootdo.system.controller.DeptController.dept
2018-04-18 10:41:00 -参数 : []
2018-04-18 10:41:00 -耗时 : 0
2018-04-18 10:41:00 -返回值 : system/dept/dept
2018-04-18 10:41:00 -请求地址 : http://localhost:8089/system/sysDept/list
2018-04-18 10:41:00 -HTTP METHOD : GET
2018-04-18 10:41:00 -CLASS_METHOD : com.bootdo.system.controller.DeptController.list
2018-04-18 10:41:00 -参数 : []
2018-04-18 10:41:00 -==>  Preparing: select `dept_id`,`parent_id`,`name`,`order_num`,`del_flag` from sys_dept order by dept_id desc 
2018-04-18 10:41:00 -==> Parameters: 
2018-04-18 10:41:00 -<==      Total: 10
2018-04-18 10:41:00 -耗时 : 4
2018-04-18 10:41:00 -返回值 : [DeptDO{deptId=15, parentId=13, name='测试二部', orderNum=2, delFlag=1}, DeptDO{deptId=14, parentId=13, name='测试一部', orderNum=1, delFlag=1}, DeptDO{deptId=13, parentId=0, name='测试部', orderNum=5, delFlag=1}, DeptDO{deptId=12, parentId=11, name='产品一部', orderNum=1, delFlag=1}, DeptDO{deptId=11, parentId=0, name='产品部', orderNum=3, delFlag=1}, DeptDO{deptId=10, parentId=9, name='销售一部', orderNum=1, delFlag=1}, DeptDO{deptId=9, parentId=0, name='销售部', orderNum=2, delFlag=1}, DeptDO{deptId=8, parentId=6, name='研发二部', orderNum=2, delFlag=1}, DeptDO{deptId=7, parentId=6, name='研發一部', orderNum=1, delFlag=1}, DeptDO{deptId=6, parentId=0, name='研发部', orderNum=1, delFlag=1}]
